
   Program  MARK  - Survival Rate Estimation with Capture-Recapture Data
   gfortran(dble) Vers. 9.0 Mar 2018     9-Nov-2023 13:23:12    Page  001
 - - - - - - - - - - - - - - - - - - - - - - - - - - - - - - - - - - - - - -
 
   This version was compiled by GCC version 7.2.0 using the options: 
     -cpp -iprefix C:/Program Files/mingw-w64/x86_64-7.2.0-posix-seh-rt_v5-rev1/
     mingw64/bin/../lib/gcc/x86_64-w64-mingw32/7.2.0/ -D_MT -D_REENTRANT
     -U_REENTRANT -D IEEE -D DBLEPRECISION -m64 -mtune=core2 -march=nocona -mthreads
     -O2 -fimplicit-none -fbounds-check -funroll-loops -ftree-vectorize
     -ffpe-summary=invalid,zero,overflow,underflow -fno-unsafe-math-optimizations
     -frounding-math -fsignaling-nans -fopenmp.

   This problem will use 11 of 12 possible threads.


  INPUT --- proc title ;

   CPU Time for the last procedure was 0.01 seconds.     


  INPUT --- proc chmatrix occasions= 8 groups= 12 etype= Known Nodes= 
  INPUT --- 101 ICMeans NoHist hist= 90  ;

  INPUT ---    time interval 1 1 1 1 1 1 1 1 ;

  INPUT ---    glabel(1)=Study.AreaA.AgeClassAdult.SexFemale;

  INPUT ---    glabel(2)=Study.AreaB.AgeClassAdult.SexFemale;

  INPUT ---    glabel(3)=Study.AreaC.AgeClassAdult.SexFemale;

  INPUT ---    glabel(4)=Study.AreaA.AgeClassJuvenile.SexFemale;

  INPUT ---    glabel(5)=Study.AreaB.AgeClassJuvenile.SexFemale;

  INPUT ---    glabel(6)=Study.AreaC.AgeClassJuvenile.SexFemale;

  INPUT ---    glabel(7)=Study.AreaA.AgeClassAdult.SexMale;

  INPUT ---    glabel(8)=Study.AreaB.AgeClassAdult.SexMale;

  INPUT ---    glabel(9)=Study.AreaC.AgeClassAdult.SexMale;

  INPUT ---    glabel(10)=Study.AreaA.AgeClassJuvenile.SexMale;

  INPUT ---    glabel(11)=Study.AreaB.AgeClassJuvenile.SexMale;

  INPUT ---    glabel(12)=Study.AreaC.AgeClassJuvenile.SexMale;

   * *  WARNING  * *   At least a pair of the encounter histories are duplicates. 

  Program  MARK  - Survival Rate Estimation with Capture-Recapture Data
   gfortran(dble) Vers. 9.0 Mar 2018     9-Nov-2023 13:23:12    Page  002
 - - - - - - - - - - - - - - - - - - - - - - - - - - - - - - - - - - - - - -
 

      Number of unique encounter histories read was 9.

      Number of individual covariates read was 0.
      Time interval lengths are all equal to 1.

      Data type number is 4
      Data type is Known Fate                                                                                          

   CPU Time for the last procedure was 0.01 seconds.     


  INPUT --- proc estimate link=Logit NOLOOP varest=2ndPart    ;


  INPUT --- model={ S(~time + AgeClass) };

  INPUT ---    group=1 S    rows=1 cols=8 Square ;
  INPUT ---        1 2 3 4 5 6 7 8 ;

  INPUT ---    group=2 S    rows=1 cols=8 Square ;
  INPUT ---        1 2 3 4 5 6 7 8 ;

  INPUT ---    group=3 S    rows=1 cols=8 Square ;
  INPUT ---        1 2 3 4 5 6 7 8 ;

  INPUT ---    group=4 S    rows=1 cols=8 Square ;
  INPUT ---        9 10 11 12 13 14 15 16 ;

  INPUT ---    group=5 S    rows=1 cols=8 Square ;
  INPUT ---        9 10 11 12 13 14 15 16 ;

  INPUT ---    group=6 S    rows=1 cols=8 Square ;
  INPUT ---        9 10 11 12 13 14 15 16 ;

  INPUT ---    group=7 S    rows=1 cols=8 Square ;
  INPUT ---        1 2 3 4 5 6 7 8 ;

  INPUT ---    group=8 S    rows=1 cols=8 Square ;
  INPUT ---        1 2 3 4 5 6 7 8 ;

  INPUT ---    group=9 S    rows=1 cols=8 Square ;
  INPUT ---        1 2 3 4 5 6 7 8 ;

  INPUT ---    group=10 S    rows=1 cols=8 Square ;
  INPUT ---        9 10 11 12 13 14 15 16 ;


  Program  MARK  - Survival Rate Estimation with Capture-Recapture Data
   gfortran(dble) Vers. 9.0 Mar 2018     9-Nov-2023 13:23:12    Page  003
 - - - - - - - - - - - - - - - - - - - - - - - - - - - - - - - - - - - - - -
 
  INPUT ---    group=11 S    rows=1 cols=8 Square ;
  INPUT ---        9 10 11 12 13 14 15 16 ;

  INPUT ---    group=12 S    rows=1 cols=8 Square ;
  INPUT ---        9 10 11 12 13 14 15 16 ;

  INPUT ---    design matrix constraints=16 covariates=9;
  INPUT ---        1 0 0 0 0 0 0 0 0;
  INPUT ---        1 1 0 0 0 0 0 0 0;
  INPUT ---        1 0 1 0 0 0 0 0 0;
  INPUT ---        1 0 0 1 0 0 0 0 0;
  INPUT ---        1 0 0 0 1 0 0 0 0;
  INPUT ---        1 0 0 0 0 1 0 0 0;
  INPUT ---        1 0 0 0 0 0 1 0 0;
  INPUT ---        1 0 0 0 0 0 0 1 0;
  INPUT ---        1 0 0 0 0 0 0 0 1;
  INPUT ---        1 1 0 0 0 0 0 0 1;
  INPUT ---        1 0 1 0 0 0 0 0 1;
  INPUT ---        1 0 0 1 0 0 0 0 1;
  INPUT ---        1 0 0 0 1 0 0 0 1;
  INPUT ---        1 0 0 0 0 1 0 0 1;
  INPUT ---        1 0 0 0 0 0 1 0 1;
  INPUT ---        1 0 0 0 0 0 0 1 1;
  INPUT ---       blabel(1)=S:(Intercept);
  INPUT ---       blabel(2)=S:time3;
  INPUT ---       blabel(3)=S:time4;
  INPUT ---       blabel(4)=S:time5;
  INPUT ---       blabel(5)=S:time6;
  INPUT ---       blabel(6)=S:time7;
  INPUT ---       blabel(7)=S:time8;
  INPUT ---       blabel(8)=S:time9;
  INPUT ---       blabel(9)=S:AgeClassJuvenile;
  INPUT ---       rlabel(1)=S gAAdultFemale a1 t2;
  INPUT ---       rlabel(2)=S gAAdultFemale a2 t3;
  INPUT ---       rlabel(3)=S gAAdultFemale a3 t4;
  INPUT ---       rlabel(4)=S gAAdultFemale a4 t5;
  INPUT ---       rlabel(5)=S gAAdultFemale a5 t6;
  INPUT ---       rlabel(6)=S gAAdultFemale a6 t7;
  INPUT ---       rlabel(7)=S gAAdultFemale a7 t8;
  INPUT ---       rlabel(8)=S gAAdultFemale a8 t9;
  INPUT ---       rlabel(9)=S gAJuvenileFemale a1 t2;
  INPUT ---       rlabel(10)=S gAJuvenileFemale a2 t3;
  INPUT ---       rlabel(11)=S gAJuvenileFemale a3 t4;
  INPUT ---       rlabel(12)=S gAJuvenileFemale a4 t5;
  INPUT ---       rlabel(13)=S gAJuvenileFemale a5 t6;
  INPUT ---       rlabel(14)=S gAJuvenileFemale a6 t7;

  Program  MARK  - Survival Rate Estimation with Capture-Recapture Data
   gfortran(dble) Vers. 9.0 Mar 2018     9-Nov-2023 13:23:12    Page  004
 - - - - - - - - - - - - - - - - - - - - - - - - - - - - - - - - - - - - - -
 
  INPUT ---       rlabel(15)=S gAJuvenileFemale a7 t8;
  INPUT ---       rlabel(16)=S gAJuvenileFemale a8 t9;

 Link Function Used is LOGIT        

 Variance Estimation Procedure Used is 2ndPart 
 -2logL(saturated) = 965.15883     
 Effective Sample Size = 1626

 Number of function evaluations was 29 for 9 parameters.
 Time for numerical optimization was 0.01 seconds.     
 -2logL { S(~time + AgeClass) } = 1070.3498     
 Penalty { S(~time + AgeClass) } = 0.0000000     
 Gradient { S(~time + AgeClass) }:
  0.8598264E-04  0.2417009E-04  0.2668200E-04  0.1436015E-04  0.2219589E-04
  0.1464616E-04  0.1503557E-04   0.000000      0.6412375E-04
 Maximum ABS(G) { S(~time + AgeClass) } = 0.8598264E-04 
 S Vector { S(~time + AgeClass) }:
   227.2110      28.74875      27.72038      23.69552      19.73305    
   16.49130      14.53883      12.67426      1.717304    
 Time to compute number of parameters was 0.01 seconds.     
 Ratio Threshold = 50.000000       Max Gap (1/2) = 7.9033363       Next Max Gap (1/2) = 7.9033363     
 Gap Method for Num. of Estimated Parameters { S(~time + AgeClass) } = 9          
 Threshold { S(~time + AgeClass) } = 0.1719653E-03                 
 Numerical Threshold Method for Num. of Estimated Parameters { S(~time + AgeClass) } = 9          
 Number of Estimated Parameters { S(~time + AgeClass) } = 9          
 DEVIANCE { S(~time + AgeClass) } = 105.19097                     
 DEVIANCE Degrees of Freedom { S(~time + AgeClass) } = 87            
 c-hat { S(~time + AgeClass) } = 1.2090916                     
 AIC { S(~time + AgeClass) } = 1088.3498                  
 AICc { S(~time + AgeClass) } = 1088.4612                    
 BIC { S(~time + AgeClass) } = 1136.8947                    
 Pearson Chisquare { S(~time + AgeClass) } = 95.840506                  
 Possible Encounter Histories { S(~time + AgeClass) } = 192             
 Pearson Chisquare df { S(~time + AgeClass) } = 171        
 Pearson chat { S(~time + AgeClass) } = 0.5604708                  
 Sum(Observed/Expected) { S(~time + AgeClass) } = 107.51446                  
 Fletcher chat { S(~time + AgeClass) } = 1.0008923                  


                   LOGIT Link Function Parameters of { S(~time + AgeClass) }
                                                              95% Confidence Interval
 Parameter                    Beta         Standard Error      Lower           Upper
 -------------------------  --------------  --------------  --------------  --------------
    1:S:(Intercept)          2.9041994       0.2739946       2.3671699       3.4412289    
    2:S:time3               -0.8939266       0.3164653      -1.5141987      -0.2736545    
    3:S:time4               -0.1437514       0.3711007      -0.8711087       0.5836060    
    4:S:time5               -0.0625785       0.3850647      -0.8173053       0.6921482    
    5:S:time6               -1.0623806       0.3249183      -1.6992204      -0.4255408    
    6:S:time7               -1.0836566       0.3342954      -1.7388756      -0.4284376    
    7:S:time8               -1.0296927       0.3494451      -1.7146052      -0.3447802    
    8:S:time9               -1.0299864       0.3625035      -1.7404933      -0.3194794    
    9:S:AgeClassJuvenile    -0.1897923       0.1634193      -0.5100941       0.1305094    


                   Real Function Parameters of { S(~time + AgeClass) }
                                                               95% Confidence Interval
  Parameter                  Estimate       Standard Error      Lower           Upper
 --------------------------  --------------  --------------  --------------  --------------
     1:S gAAdultFemale a1 t   0.9480536       0.0134937       0.9142893       0.9689685                          
     2:S gAAdultFemale a2 t   0.8818714       0.0213947       0.8330974       0.9177986                          
     3:S gAAdultFemale a3 t   0.9405007       0.0158051       0.9008644       0.9649070                          
     4:S gAAdultFemale a4 t   0.9448839       0.0156631       0.9048341       0.9686628                          
     5:S gAAdultFemale a5 t   0.8631637       0.0256936       0.8046240       0.9062079                          
     6:S gAAdultFemale a6 t   0.8606312       0.0277662       0.7968660       0.9067231                          

  Program  MARK  - Survival Rate Estimation with Capture-Recapture Data
   gfortran(dble) Vers. 9.0 Mar 2018     9-Nov-2023 13:23:12    Page  005
 - - - - - - - - - - - - - - - - - - - - - - - - - - - - - - - - - - - - - -
 
     7:S gAAdultFemale a7 t   0.8669789       0.0290499       0.7991189       0.9143713                          
     8:S gAAdultFemale a8 t   0.8669450       0.0311943       0.7931755       0.9171510                          
     9:S gAJuvenileFemale a   0.9378714       0.0155507       0.8994676       0.9622210                          
    10:S gAJuvenileFemale a   0.8606238       0.0236852       0.8074403       0.9009208                          
    11:S gAJuvenileFemale a   0.9289490       0.0182595       0.8837495       0.9574211                          
    12:S gAJuvenileFemale a   0.9341236       0.0181506       0.8883220       0.9619457                          
    13:S gAJuvenileFemale a   0.8391647       0.0285095       0.7752174       0.8875587                          
    14:S gAJuvenileFemale a   0.8362724       0.0308414       0.7666088       0.8881757                          
    15:S gAJuvenileFemale a   0.8435278       0.0327235       0.7683074       0.8975827                          
    16:S gAJuvenileFemale a   0.8434890       0.0350467       0.7620753       0.9006753                          


                     Estimates of Derived Parameters

             Survival Estimates of { S(~time + AgeClass) }

       Pr. Surviving
        Duration of                   95% Confidence Interval
 Group     Study      Standard Error     Lower          Upper     
 ----- -------------- -------------- -------------- --------------
   1    0.4148452      0.0424961      0.3346802      0.4997877    
   2    0.4148452      0.0424961      0.3346802      0.4997877    
   3    0.4148452      0.0424961      0.3346802      0.4997877    
   4    0.3497250      0.0381500      0.2790770      0.4276485    
   5    0.3497250      0.0381500      0.2790770      0.4276485    
   6    0.3497250      0.0381500      0.2790770      0.4276485    
   7    0.4148452      0.0424961      0.3346802      0.4997877    
   8    0.4148452      0.0424961      0.3346802      0.4997877    
   9    0.4148452      0.0424961      0.3346802      0.4997877    
  10    0.3497250      0.0381500      0.2790770      0.4276485    
  11    0.3497250      0.0381500      0.2790770      0.4276485    
  12    0.3497250      0.0381500      0.2790770      0.4276485    

   CPU Time for the last procedure was 0.01 seconds.     

  Program  MARK  - Survival Rate Estimation with Capture-Recapture Data
   gfortran(dble) Vers. 9.0 Mar 2018     9-Nov-2023 13:23:12    Page  006
 - - - - - - - - - - - - - - - - - - - - - - - - - - - - - - - - - - - - - -
 


  INPUT --- proc stop;

     CPU Time in minutes for this job was 0.00

     Time Start = 13:23:12.632   Time End = 13:23:12.697

     Wall Clock Time in minutes for this job was 0.00


          E X E C U T I O N   S U C C E S S F U L 
