
   Program  MARK  - Survival Rate Estimation with Capture-Recapture Data
   gfortran(dble) Vers. 9.0 Mar 2018     9-Nov-2023 13:23:01    Page  001
 - - - - - - - - - - - - - - - - - - - - - - - - - - - - - - - - - - - - - -
 
   This version was compiled by GCC version 7.2.0 using the options: 
     -cpp -iprefix C:/Program Files/mingw-w64/x86_64-7.2.0-posix-seh-rt_v5-rev1/
     mingw64/bin/../lib/gcc/x86_64-w64-mingw32/7.2.0/ -D_MT -D_REENTRANT
     -U_REENTRANT -D IEEE -D DBLEPRECISION -m64 -mtune=core2 -march=nocona -mthreads
     -O2 -fimplicit-none -fbounds-check -funroll-loops -ftree-vectorize
     -ffpe-summary=invalid,zero,overflow,underflow -fno-unsafe-math-optimizations
     -frounding-math -fsignaling-nans -fopenmp.

   This problem will use 11 of 12 possible threads.


  INPUT --- proc title ;

   CPU Time for the last procedure was 0.01 seconds.     


  INPUT --- proc chmatrix occasions= 8 groups= 12 etype= Known Nodes= 
  INPUT --- 101 ICMeans NoHist hist= 90  ;

  INPUT ---    time interval 1 1 1 1 1 1 1 1 ;

  INPUT ---    glabel(1)=Study.AreaA.AgeClassAdult.SexFemale;

  INPUT ---    glabel(2)=Study.AreaB.AgeClassAdult.SexFemale;

  INPUT ---    glabel(3)=Study.AreaC.AgeClassAdult.SexFemale;

  INPUT ---    glabel(4)=Study.AreaA.AgeClassJuvenile.SexFemale;

  INPUT ---    glabel(5)=Study.AreaB.AgeClassJuvenile.SexFemale;

  INPUT ---    glabel(6)=Study.AreaC.AgeClassJuvenile.SexFemale;

  INPUT ---    glabel(7)=Study.AreaA.AgeClassAdult.SexMale;

  INPUT ---    glabel(8)=Study.AreaB.AgeClassAdult.SexMale;

  INPUT ---    glabel(9)=Study.AreaC.AgeClassAdult.SexMale;

  INPUT ---    glabel(10)=Study.AreaA.AgeClassJuvenile.SexMale;

  INPUT ---    glabel(11)=Study.AreaB.AgeClassJuvenile.SexMale;

  INPUT ---    glabel(12)=Study.AreaC.AgeClassJuvenile.SexMale;

   * *  WARNING  * *   At least a pair of the encounter histories are duplicates. 

  Program  MARK  - Survival Rate Estimation with Capture-Recapture Data
   gfortran(dble) Vers. 9.0 Mar 2018     9-Nov-2023 13:23:01    Page  002
 - - - - - - - - - - - - - - - - - - - - - - - - - - - - - - - - - - - - - -
 

      Number of unique encounter histories read was 9.

      Number of individual covariates read was 0.
      Time interval lengths are all equal to 1.

      Data type number is 4
      Data type is Known Fate                                                                                          

   CPU Time for the last procedure was 0.01 seconds.     


  INPUT --- proc estimate link=Logit NOLOOP varest=2ndPart    ;


  INPUT --- model={ S(~time + Sex + AgeClass + Study.Area) };

  INPUT ---    group=1 S    rows=1 cols=8 Square ;
  INPUT ---        1 2 3 4 5 6 7 8 ;

  INPUT ---    group=2 S    rows=1 cols=8 Square ;
  INPUT ---        9 10 11 12 13 14 15 16 ;

  INPUT ---    group=3 S    rows=1 cols=8 Square ;
  INPUT ---        17 18 19 20 21 22 23 24 ;

  INPUT ---    group=4 S    rows=1 cols=8 Square ;
  INPUT ---        25 26 27 28 29 30 31 32 ;

  INPUT ---    group=5 S    rows=1 cols=8 Square ;
  INPUT ---        33 34 35 36 37 38 39 40 ;

  INPUT ---    group=6 S    rows=1 cols=8 Square ;
  INPUT ---        41 42 43 44 45 46 47 48 ;

  INPUT ---    group=7 S    rows=1 cols=8 Square ;
  INPUT ---        49 50 51 52 53 54 55 56 ;

  INPUT ---    group=8 S    rows=1 cols=8 Square ;
  INPUT ---        57 58 59 60 61 62 63 64 ;

  INPUT ---    group=9 S    rows=1 cols=8 Square ;
  INPUT ---        65 66 67 68 69 70 71 72 ;

  INPUT ---    group=10 S    rows=1 cols=8 Square ;
  INPUT ---        73 74 75 76 77 78 79 80 ;


  Program  MARK  - Survival Rate Estimation with Capture-Recapture Data
   gfortran(dble) Vers. 9.0 Mar 2018     9-Nov-2023 13:23:01    Page  003
 - - - - - - - - - - - - - - - - - - - - - - - - - - - - - - - - - - - - - -
 
  INPUT ---    group=11 S    rows=1 cols=8 Square ;
  INPUT ---        81 82 83 84 85 86 87 88 ;

  INPUT ---    group=12 S    rows=1 cols=8 Square ;
  INPUT ---        89 90 91 92 93 94 95 96 ;

  INPUT ---    design matrix constraints=96 covariates=12;
  INPUT ---        1 0 0 0 0 0 0 0 0 0 0 0;
  INPUT ---        1 1 0 0 0 0 0 0 0 0 0 0;
  INPUT ---        1 0 1 0 0 0 0 0 0 0 0 0;
  INPUT ---        1 0 0 1 0 0 0 0 0 0 0 0;
  INPUT ---        1 0 0 0 1 0 0 0 0 0 0 0;
  INPUT ---        1 0 0 0 0 1 0 0 0 0 0 0;
  INPUT ---        1 0 0 0 0 0 1 0 0 0 0 0;
  INPUT ---        1 0 0 0 0 0 0 1 0 0 0 0;
  INPUT ---        1 0 0 0 0 0 0 0 0 0 1 0;
  INPUT ---        1 1 0 0 0 0 0 0 0 0 1 0;
  INPUT ---        1 0 1 0 0 0 0 0 0 0 1 0;
  INPUT ---        1 0 0 1 0 0 0 0 0 0 1 0;
  INPUT ---        1 0 0 0 1 0 0 0 0 0 1 0;
  INPUT ---        1 0 0 0 0 1 0 0 0 0 1 0;
  INPUT ---        1 0 0 0 0 0 1 0 0 0 1 0;
  INPUT ---        1 0 0 0 0 0 0 1 0 0 1 0;
  INPUT ---        1 0 0 0 0 0 0 0 0 0 0 1;
  INPUT ---        1 1 0 0 0 0 0 0 0 0 0 1;
  INPUT ---        1 0 1 0 0 0 0 0 0 0 0 1;
  INPUT ---        1 0 0 1 0 0 0 0 0 0 0 1;
  INPUT ---        1 0 0 0 1 0 0 0 0 0 0 1;
  INPUT ---        1 0 0 0 0 1 0 0 0 0 0 1;
  INPUT ---        1 0 0 0 0 0 1 0 0 0 0 1;
  INPUT ---        1 0 0 0 0 0 0 1 0 0 0 1;
  INPUT ---        1 0 0 0 0 0 0 0 0 1 0 0;
  INPUT ---        1 1 0 0 0 0 0 0 0 1 0 0;
  INPUT ---        1 0 1 0 0 0 0 0 0 1 0 0;
  INPUT ---        1 0 0 1 0 0 0 0 0 1 0 0;
  INPUT ---        1 0 0 0 1 0 0 0 0 1 0 0;
  INPUT ---        1 0 0 0 0 1 0 0 0 1 0 0;
  INPUT ---        1 0 0 0 0 0 1 0 0 1 0 0;
  INPUT ---        1 0 0 0 0 0 0 1 0 1 0 0;
  INPUT ---        1 0 0 0 0 0 0 0 0 1 1 0;
  INPUT ---        1 1 0 0 0 0 0 0 0 1 1 0;
  INPUT ---        1 0 1 0 0 0 0 0 0 1 1 0;
  INPUT ---        1 0 0 1 0 0 0 0 0 1 1 0;
  INPUT ---        1 0 0 0 1 0 0 0 0 1 1 0;
  INPUT ---        1 0 0 0 0 1 0 0 0 1 1 0;
  INPUT ---        1 0 0 0 0 0 1 0 0 1 1 0;

  Program  MARK  - Survival Rate Estimation with Capture-Recapture Data
   gfortran(dble) Vers. 9.0 Mar 2018     9-Nov-2023 13:23:01    Page  004
 - - - - - - - - - - - - - - - - - - - - - - - - - - - - - - - - - - - - - -
 
  INPUT ---        1 0 0 0 0 0 0 1 0 1 1 0;
  INPUT ---        1 0 0 0 0 0 0 0 0 1 0 1;
  INPUT ---        1 1 0 0 0 0 0 0 0 1 0 1;
  INPUT ---        1 0 1 0 0 0 0 0 0 1 0 1;
  INPUT ---        1 0 0 1 0 0 0 0 0 1 0 1;
  INPUT ---        1 0 0 0 1 0 0 0 0 1 0 1;
  INPUT ---        1 0 0 0 0 1 0 0 0 1 0 1;
  INPUT ---        1 0 0 0 0 0 1 0 0 1 0 1;
  INPUT ---        1 0 0 0 0 0 0 1 0 1 0 1;
  INPUT ---        1 0 0 0 0 0 0 0 1 0 0 0;
  INPUT ---        1 1 0 0 0 0 0 0 1 0 0 0;
  INPUT ---        1 0 1 0 0 0 0 0 1 0 0 0;
  INPUT ---        1 0 0 1 0 0 0 0 1 0 0 0;
  INPUT ---        1 0 0 0 1 0 0 0 1 0 0 0;
  INPUT ---        1 0 0 0 0 1 0 0 1 0 0 0;
  INPUT ---        1 0 0 0 0 0 1 0 1 0 0 0;
  INPUT ---        1 0 0 0 0 0 0 1 1 0 0 0;
  INPUT ---        1 0 0 0 0 0 0 0 1 0 1 0;
  INPUT ---        1 1 0 0 0 0 0 0 1 0 1 0;
  INPUT ---        1 0 1 0 0 0 0 0 1 0 1 0;
  INPUT ---        1 0 0 1 0 0 0 0 1 0 1 0;
  INPUT ---        1 0 0 0 1 0 0 0 1 0 1 0;
  INPUT ---        1 0 0 0 0 1 0 0 1 0 1 0;
  INPUT ---        1 0 0 0 0 0 1 0 1 0 1 0;
  INPUT ---        1 0 0 0 0 0 0 1 1 0 1 0;
  INPUT ---        1 0 0 0 0 0 0 0 1 0 0 1;
  INPUT ---        1 1 0 0 0 0 0 0 1 0 0 1;
  INPUT ---        1 0 1 0 0 0 0 0 1 0 0 1;
  INPUT ---        1 0 0 1 0 0 0 0 1 0 0 1;
  INPUT ---        1 0 0 0 1 0 0 0 1 0 0 1;
  INPUT ---        1 0 0 0 0 1 0 0 1 0 0 1;
  INPUT ---        1 0 0 0 0 0 1 0 1 0 0 1;
  INPUT ---        1 0 0 0 0 0 0 1 1 0 0 1;
  INPUT ---        1 0 0 0 0 0 0 0 1 1 0 0;
  INPUT ---        1 1 0 0 0 0 0 0 1 1 0 0;
  INPUT ---        1 0 1 0 0 0 0 0 1 1 0 0;
  INPUT ---        1 0 0 1 0 0 0 0 1 1 0 0;
  INPUT ---        1 0 0 0 1 0 0 0 1 1 0 0;
  INPUT ---        1 0 0 0 0 1 0 0 1 1 0 0;
  INPUT ---        1 0 0 0 0 0 1 0 1 1 0 0;
  INPUT ---        1 0 0 0 0 0 0 1 1 1 0 0;
  INPUT ---        1 0 0 0 0 0 0 0 1 1 1 0;
  INPUT ---        1 1 0 0 0 0 0 0 1 1 1 0;
  INPUT ---        1 0 1 0 0 0 0 0 1 1 1 0;
  INPUT ---        1 0 0 1 0 0 0 0 1 1 1 0;
  INPUT ---        1 0 0 0 1 0 0 0 1 1 1 0;

  Program  MARK  - Survival Rate Estimation with Capture-Recapture Data
   gfortran(dble) Vers. 9.0 Mar 2018     9-Nov-2023 13:23:01    Page  005
 - - - - - - - - - - - - - - - - - - - - - - - - - - - - - - - - - - - - - -
 
  INPUT ---        1 0 0 0 0 1 0 0 1 1 1 0;
  INPUT ---        1 0 0 0 0 0 1 0 1 1 1 0;
  INPUT ---        1 0 0 0 0 0 0 1 1 1 1 0;
  INPUT ---        1 0 0 0 0 0 0 0 1 1 0 1;
  INPUT ---        1 1 0 0 0 0 0 0 1 1 0 1;
  INPUT ---        1 0 1 0 0 0 0 0 1 1 0 1;
  INPUT ---        1 0 0 1 0 0 0 0 1 1 0 1;
  INPUT ---        1 0 0 0 1 0 0 0 1 1 0 1;
  INPUT ---        1 0 0 0 0 1 0 0 1 1 0 1;
  INPUT ---        1 0 0 0 0 0 1 0 1 1 0 1;
  INPUT ---        1 0 0 0 0 0 0 1 1 1 0 1;
  INPUT ---       blabel(1)=S:(Intercept);
  INPUT ---       blabel(2)=S:time3;
  INPUT ---       blabel(3)=S:time4;
  INPUT ---       blabel(4)=S:time5;
  INPUT ---       blabel(5)=S:time6;
  INPUT ---       blabel(6)=S:time7;
  INPUT ---       blabel(7)=S:time8;
  INPUT ---       blabel(8)=S:time9;
  INPUT ---       blabel(9)=S:SexMale;
  INPUT ---       blabel(10)=S:AgeClassJuvenile;
  INPUT ---       blabel(11)=S:Study.AreaB;
  INPUT ---       blabel(12)=S:Study.AreaC;
  INPUT ---       rlabel(1)=S gAAdultFemale a1 t2;
  INPUT ---       rlabel(2)=S gAAdultFemale a2 t3;
  INPUT ---       rlabel(3)=S gAAdultFemale a3 t4;
  INPUT ---       rlabel(4)=S gAAdultFemale a4 t5;
  INPUT ---       rlabel(5)=S gAAdultFemale a5 t6;
  INPUT ---       rlabel(6)=S gAAdultFemale a6 t7;
  INPUT ---       rlabel(7)=S gAAdultFemale a7 t8;
  INPUT ---       rlabel(8)=S gAAdultFemale a8 t9;
  INPUT ---       rlabel(9)=S gBAdultFemale a1 t2;
  INPUT ---       rlabel(10)=S gBAdultFemale a2 t3;
  INPUT ---       rlabel(11)=S gBAdultFemale a3 t4;
  INPUT ---       rlabel(12)=S gBAdultFemale a4 t5;
  INPUT ---       rlabel(13)=S gBAdultFemale a5 t6;
  INPUT ---       rlabel(14)=S gBAdultFemale a6 t7;
  INPUT ---       rlabel(15)=S gBAdultFemale a7 t8;
  INPUT ---       rlabel(16)=S gBAdultFemale a8 t9;
  INPUT ---       rlabel(17)=S gCAdultFemale a1 t2;
  INPUT ---       rlabel(18)=S gCAdultFemale a2 t3;
  INPUT ---       rlabel(19)=S gCAdultFemale a3 t4;
  INPUT ---       rlabel(20)=S gCAdultFemale a4 t5;
  INPUT ---       rlabel(21)=S gCAdultFemale a5 t6;
  INPUT ---       rlabel(22)=S gCAdultFemale a6 t7;
  INPUT ---       rlabel(23)=S gCAdultFemale a7 t8;

  Program  MARK  - Survival Rate Estimation with Capture-Recapture Data
   gfortran(dble) Vers. 9.0 Mar 2018     9-Nov-2023 13:23:01    Page  006
 - - - - - - - - - - - - - - - - - - - - - - - - - - - - - - - - - - - - - -
 
  INPUT ---       rlabel(24)=S gCAdultFemale a8 t9;
  INPUT ---       rlabel(25)=S gAJuvenileFemale a1 t2;
  INPUT ---       rlabel(26)=S gAJuvenileFemale a2 t3;
  INPUT ---       rlabel(27)=S gAJuvenileFemale a3 t4;
  INPUT ---       rlabel(28)=S gAJuvenileFemale a4 t5;
  INPUT ---       rlabel(29)=S gAJuvenileFemale a5 t6;
  INPUT ---       rlabel(30)=S gAJuvenileFemale a6 t7;
  INPUT ---       rlabel(31)=S gAJuvenileFemale a7 t8;
  INPUT ---       rlabel(32)=S gAJuvenileFemale a8 t9;
  INPUT ---       rlabel(33)=S gBJuvenileFemale a1 t2;
  INPUT ---       rlabel(34)=S gBJuvenileFemale a2 t3;
  INPUT ---       rlabel(35)=S gBJuvenileFemale a3 t4;
  INPUT ---       rlabel(36)=S gBJuvenileFemale a4 t5;
  INPUT ---       rlabel(37)=S gBJuvenileFemale a5 t6;
  INPUT ---       rlabel(38)=S gBJuvenileFemale a6 t7;
  INPUT ---       rlabel(39)=S gBJuvenileFemale a7 t8;
  INPUT ---       rlabel(40)=S gBJuvenileFemale a8 t9;
  INPUT ---       rlabel(41)=S gCJuvenileFemale a1 t2;
  INPUT ---       rlabel(42)=S gCJuvenileFemale a2 t3;
  INPUT ---       rlabel(43)=S gCJuvenileFemale a3 t4;
  INPUT ---       rlabel(44)=S gCJuvenileFemale a4 t5;
  INPUT ---       rlabel(45)=S gCJuvenileFemale a5 t6;
  INPUT ---       rlabel(46)=S gCJuvenileFemale a6 t7;
  INPUT ---       rlabel(47)=S gCJuvenileFemale a7 t8;
  INPUT ---       rlabel(48)=S gCJuvenileFemale a8 t9;
  INPUT ---       rlabel(49)=S gAAdultMale a1 t2;
  INPUT ---       rlabel(50)=S gAAdultMale a2 t3;
  INPUT ---       rlabel(51)=S gAAdultMale a3 t4;
  INPUT ---       rlabel(52)=S gAAdultMale a4 t5;
  INPUT ---       rlabel(53)=S gAAdultMale a5 t6;
  INPUT ---       rlabel(54)=S gAAdultMale a6 t7;
  INPUT ---       rlabel(55)=S gAAdultMale a7 t8;
  INPUT ---       rlabel(56)=S gAAdultMale a8 t9;
  INPUT ---       rlabel(57)=S gBAdultMale a1 t2;
  INPUT ---       rlabel(58)=S gBAdultMale a2 t3;
  INPUT ---       rlabel(59)=S gBAdultMale a3 t4;
  INPUT ---       rlabel(60)=S gBAdultMale a4 t5;
  INPUT ---       rlabel(61)=S gBAdultMale a5 t6;
  INPUT ---       rlabel(62)=S gBAdultMale a6 t7;
  INPUT ---       rlabel(63)=S gBAdultMale a7 t8;
  INPUT ---       rlabel(64)=S gBAdultMale a8 t9;
  INPUT ---       rlabel(65)=S gCAdultMale a1 t2;
  INPUT ---       rlabel(66)=S gCAdultMale a2 t3;
  INPUT ---       rlabel(67)=S gCAdultMale a3 t4;
  INPUT ---       rlabel(68)=S gCAdultMale a4 t5;
  INPUT ---       rlabel(69)=S gCAdultMale a5 t6;

  Program  MARK  - Survival Rate Estimation with Capture-Recapture Data
   gfortran(dble) Vers. 9.0 Mar 2018     9-Nov-2023 13:23:01    Page  007
 - - - - - - - - - - - - - - - - - - - - - - - - - - - - - - - - - - - - - -
 
  INPUT ---       rlabel(70)=S gCAdultMale a6 t7;
  INPUT ---       rlabel(71)=S gCAdultMale a7 t8;
  INPUT ---       rlabel(72)=S gCAdultMale a8 t9;
  INPUT ---       rlabel(73)=S gAJuvenileMale a1 t2;
  INPUT ---       rlabel(74)=S gAJuvenileMale a2 t3;
  INPUT ---       rlabel(75)=S gAJuvenileMale a3 t4;
  INPUT ---       rlabel(76)=S gAJuvenileMale a4 t5;
  INPUT ---       rlabel(77)=S gAJuvenileMale a5 t6;
  INPUT ---       rlabel(78)=S gAJuvenileMale a6 t7;
  INPUT ---       rlabel(79)=S gAJuvenileMale a7 t8;
  INPUT ---       rlabel(80)=S gAJuvenileMale a8 t9;
  INPUT ---       rlabel(81)=S gBJuvenileMale a1 t2;
  INPUT ---       rlabel(82)=S gBJuvenileMale a2 t3;
  INPUT ---       rlabel(83)=S gBJuvenileMale a3 t4;
  INPUT ---       rlabel(84)=S gBJuvenileMale a4 t5;
  INPUT ---       rlabel(85)=S gBJuvenileMale a5 t6;
  INPUT ---       rlabel(86)=S gBJuvenileMale a6 t7;
  INPUT ---       rlabel(87)=S gBJuvenileMale a7 t8;
  INPUT ---       rlabel(88)=S gBJuvenileMale a8 t9;
  INPUT ---       rlabel(89)=S gCJuvenileMale a1 t2;
  INPUT ---       rlabel(90)=S gCJuvenileMale a2 t3;
  INPUT ---       rlabel(91)=S gCJuvenileMale a3 t4;
  INPUT ---       rlabel(92)=S gCJuvenileMale a4 t5;
  INPUT ---       rlabel(93)=S gCJuvenileMale a5 t6;
  INPUT ---       rlabel(94)=S gCJuvenileMale a6 t7;
  INPUT ---       rlabel(95)=S gCJuvenileMale a7 t8;
  INPUT ---       rlabel(96)=S gCJuvenileMale a8 t9;

 Link Function Used is LOGIT        

 Variance Estimation Procedure Used is 2ndPart 
 -2logL(saturated) = 965.15883     
 Effective Sample Size = 1626

 Number of function evaluations was 34 for 12 parameters.
 Time for numerical optimization was 0.03 seconds.     
 -2logL { S(~time + Sex + AgeClass + Study.Area) } = 1069.1490     
 Penalty { S(~time + Sex + AgeClass + Study.Area) } = 0.0000000     
 Gradient { S(~time + Sex + AgeClass + Study.Area) }:
 -0.3827803E-05 -0.8044062E-05 -0.2662489E-04 -0.1435393E-04   0.000000    
   0.000000     -0.7491337E-05 -0.7487053E-05 -0.1405840E-04   0.000000    
  0.1468583E-04 -0.1342996E-04
 Maximum ABS(G) { S(~time + Sex + AgeClass + Study.Area) } = 0.2662489E-04 
 S Vector { S(~time + Sex + AgeClass + Study.Area) }:
   321.8817      58.26325      36.25751      28.00672      26.88036    
   23.71587      19.73356      16.46748      14.55574      12.68213    
   10.34636      1.705737    
 Time to compute number of parameters was 0.01 seconds.     
 Ratio Threshold = 50.000000       Max Gap (11/12) = 6.0656242       Next Max Gap (1/2) = 5.5246095     
 Gap Method for Num. of Estimated Parameters { S(~time + Sex + AgeClass + Study.Area) } = 12          
 Threshold { S(~time + Sex + AgeClass + Study.Area) } = 0.5324979E-04                 
 Numerical Threshold Method for Num. of Estimated Parameters { S(~time + Sex + AgeClass + Study.Area) } = 12          
 Number of Estimated Parameters { S(~time + Sex + AgeClass + Study.Area) } = 12          
 DEVIANCE { S(~time + Sex + AgeClass + Study.Area) } = 103.99016                     
 DEVIANCE Degrees of Freedom { S(~time + Sex + AgeClass + Study.Area) } = 84            
 c-hat { S(~time + Sex + AgeClass + Study.Area) } = 1.2379781                     
 AIC { S(~time + Sex + AgeClass + Study.Area) } = 1093.1490                  
 AICc { S(~time + Sex + AgeClass + Study.Area) } = 1093.3424                    
 BIC { S(~time + Sex + AgeClass + Study.Area) } = 1157.8755                    
 Pearson Chisquare { S(~time + Sex + AgeClass + Study.Area) } = 94.954478                  
 Possible Encounter Histories { S(~time + Sex + AgeClass + Study.Area) } = 192             
 Pearson Chisquare df { S(~time + Sex + AgeClass + Study.Area) } = 168        
 Pearson chat { S(~time + Sex + AgeClass + Study.Area) } = 0.5652052                  
 Sum(Observed/Expected) { S(~time + Sex + AgeClass + Study.Area) } = 107.64008                  
 Fletcher chat { S(~time + Sex + AgeClass + Study.Area) } = 1.0081691                  

  Program  MARK  - Survival Rate Estimation with Capture-Recapture Data
   gfortran(dble) Vers. 9.0 Mar 2018     9-Nov-2023 13:23:01    Page  008
 - - - - - - - - - - - - - - - - - - - - - - - - - - - - - - - - - - - - - -
 


          LOGIT Link Function Parameters of { S(~time + Sex + AgeClass + Study.Area) }
                                                              95% Confidence Interval
 Parameter                    Beta         Standard Error      Lower           Upper
 -------------------------  --------------  --------------  --------------  --------------
    1:S:(Intercept)          2.9863048       0.3190809       2.3609063       3.6117033    
    2:S:time3               -0.8969009       0.3165871      -1.5174117      -0.2763901    
    3:S:time4               -0.1462047       0.3712127      -0.8737816       0.5813722    
    4:S:time5               -0.0630390       0.3851563      -0.8179454       0.6918675    
    5:S:time6               -1.0643019       0.3250536      -1.7014069      -0.4271968    
    6:S:time7               -1.0897528       0.3345038      -1.7453803      -0.4341253    
    7:S:time8               -1.0368580       0.3496669      -1.7222051      -0.3515110    
    8:S:time9               -1.0380233       0.3627249      -1.7489640      -0.3270826    
    9:S:SexMale             -0.0853857       0.1636783      -0.4061952       0.2354238    
   10:S:AgeClassJuvenile    -0.1862789       0.1636549      -0.5070424       0.1344846    
   11:S:Study.AreaB          0.0390142       0.2142184      -0.3808539       0.4588823    
   12:S:Study.AreaC         -0.1361755       0.2138941      -0.5554079       0.2830569    


          Real Function Parameters of { S(~time + Sex + AgeClass + Study.Area) }
                                                               95% Confidence Interval
  Parameter                  Estimate       Standard Error      Lower           Upper
 --------------------------  --------------  --------------  --------------  --------------
     1:S gAAdultFemale a1 t   0.9519516       0.0145947       0.9137972       0.9737043                          
     2:S gAAdultFemale a2 t   0.8898690       0.0257192       0.8284996       0.9311043                          
     3:S gAAdultFemale a3 t   0.9448047       0.0170607       0.9001487       0.9701516                          
     4:S gAAdultFemale a4 t   0.9489846       0.0165638       0.9048811       0.9732435                          
     5:S gAAdultFemale a5 t   0.8723616       0.0303376       0.8002697       0.9210009                          
     6:S gAAdultFemale a6 t   0.8695008       0.0321905       0.7925740       0.9207508                          
     7:S gAAdultFemale a7 t   0.8753863       0.0327348       0.7959677       0.9267369                          
     8:S gAAdultFemale a8 t   0.8752591       0.0342295       0.7914679       0.9284265                          
     9:S gBAdultFemale a1 t   0.9537049       0.0136667       0.9182366       0.9742194                          
    10:S gBAdultFemale a2 t   0.8936347       0.0236819       0.8375469       0.9319317                          
    11:S gBAdultFemale a3 t   0.9468043       0.0159063       0.9055197       0.9706340                          
    12:S gBAdultFemale a4 t   0.9508407       0.0155837       0.9096057       0.9738072                          
    13:S gBAdultFemale a5 t   0.8766430       0.0279869       0.8105772       0.9218872                          
    14:S gBAdultFemale a6 t   0.8738642       0.0295964       0.8036542       0.9214230                          
    15:S gBAdultFemale a7 t   0.8795802       0.0303116       0.8065197       0.9275311                          
    16:S gBAdultFemale a8 t   0.8794567       0.0322288       0.8008215       0.9297695                          
    17:S gCAdultFemale a1 t   0.9453254       0.0157645       0.9048496       0.9691699                          
    18:S gCAdultFemale a2 t   0.8757982       0.0267824       0.8131551       0.9195178                          
    19:S gCAdultFemale a3 t   0.9372578       0.0184322       0.8898859       0.9650504                          
    20:S gCAdultFemale a4 t   0.9419742       0.0180058       0.8948646       0.9687127                          
    21:S gCAdultFemale a5 t   0.8564149       0.0313514       0.7834890       0.9076723                          
    22:S gCAdultFemale a6 t   0.8532568       0.0335026       0.7748556       0.9076119                          

  Program  MARK  - Survival Rate Estimation with Capture-Recapture Data
   gfortran(dble) Vers. 9.0 Mar 2018     9-Nov-2023 13:23:01    Page  009
 - - - - - - - - - - - - - - - - - - - - - - - - - - - - - - - - - - - - - -
 
    23:S gCAdultFemale a7 t   0.8597568       0.0344465       0.7778756       0.9147618                          
    24:S gCAdultFemale a8 t   0.8596162       0.0366311       0.7715616       0.9173642                          
    25:S gAJuvenileFemale a   0.9426772       0.0171082       0.8983921       0.9683411                          
    26:S gAJuvenileFemale a   0.8702448       0.0294362       0.8009405       0.9178937                          
    27:S gAJuvenileFemale a   0.9342461       0.0200122       0.8823951       0.9641648                          
    28:S gAJuvenileFemale a   0.9391742       0.0194499       0.8879190       0.9678391                          
    29:S gAJuvenileFemale a   0.8501431       0.0346251       0.7690633       0.9062275                          
    30:S gAJuvenileFemale a   0.8468717       0.0366817       0.7605799       0.9059097                          
    31:S gAJuvenileFemale a   0.8536060       0.0375885       0.7637960       0.9131511                          
    32:S gAJuvenileFemale a   0.8534603       0.0391485       0.7592326       0.9149421                          
    33:S gBJuvenileFemale a   0.9447494       0.0158543       0.9041076       0.9687612                          
    34:S gBJuvenileFemale a   0.8745870       0.0266818       0.8123496       0.9182593                          
    35:S gBJuvenileFemale a   0.9366026       0.0184791       0.8892264       0.9645250                          
    36:S gBJuvenileFemale a   0.9413651       0.0181421       0.8939545       0.9683304                          
    37:S gBJuvenileFemale a   0.8550459       0.0315082       0.7818489       0.9066163                          
    38:S gBJuvenileFemale a   0.8518629       0.0333018       0.7741771       0.9060664                          
    39:S gBJuvenileFemale a   0.8584143       0.0344499       0.7767153       0.9135473                          
    40:S gBJuvenileFemale a   0.8582727       0.0365188       0.7707565       0.9160189                          
    41:S gCJuvenileFemale a   0.9348595       0.0182279       0.8886650       0.9626919                          
    42:S gCJuvenileFemale a   0.8540779       0.0299748       0.7850844       0.9036412                          
    43:S gCJuvenileFemale a   0.9253696       0.0213399       0.8712439       0.9578433                          
    44:S gCJuvenileFemale a   0.9309138       0.0208916       0.8769784       0.9622213                          
    45:S gCJuvenileFemale a   0.8319553       0.0350275       0.7518460       0.8899876                          
    46:S gCJuvenileFemale a   0.8283670       0.0374175       0.7423593       0.8899203                          
    47:S gCJuvenileFemale a   0.8357572       0.0388693       0.7449747       0.8986212                          
    48:S gCJuvenileFemale a   0.8355972       0.0412065       0.7384468       0.9014769                          
    49:S gAAdultMale a1 t2    0.9478919       0.0158774       0.9064361       0.9715560                          
    50:S gAAdultMale a2 t3    0.8812183       0.0278193       0.8150404       0.9258715                          
    51:S gAAdultMale a3 t4    0.9401790       0.0185200       0.8918047       0.9677083                          
    52:S gAAdultMale a4 t5    0.9446888       0.0179912       0.8968793       0.9710481                          
    53:S gAAdultMale a5 t6    0.8625481       0.0328072       0.7848660       0.9152105                          
    54:S gAAdultMale a6 t7    0.8595028       0.0348718       0.7764622       0.9150694                          
    55:S gAAdultMale a7 t8    0.8657696       0.0354408       0.7801138       0.9214195                          
    56:S gAAdultMale a8 t9    0.8656341       0.0369223       0.7756871       0.9230895                          
    57:S gBAdultMale a1 t2    0.9497855       0.0144332       0.9126784       0.9716145                          
    58:S gBAdultMale a2 t3    0.8852417       0.0244848       0.8278744       0.9252163                          
    59:S gBAdultMale a3 t4    0.9423360       0.0167828       0.8992007       0.9676759                          
    60:S gBAdultMale a4 t5    0.9466923       0.0164999       0.9034421       0.9711877                          
    61:S gBAdultMale a5 t6    0.8671085       0.0290528       0.7992261       0.9144951                          
    62:S gBAdultMale a6 t7    0.8641483       0.0308946       0.7915636       0.9141964                          
    63:S gBAdultMale a7 t8    0.8702392       0.0317596       0.7944278       0.9208772                          
    64:S gBAdultMale a8 t9    0.8701075       0.0337462       0.7886294       0.9232351                          
    65:S gCAdultMale a1 t2    0.9407406       0.0168415       0.8977640       0.9663289                          
    66:S gCAdultMale a2 t3    0.8662085       0.0281746       0.8008066       0.9124834                          
    67:S gCAdultMale a3 t4    0.9320452       0.0196614       0.8818539       0.9618368                          
    68:S gCAdultMale a4 t5    0.9371272       0.0192489       0.8870924       0.9658429                          

  Program  MARK  - Survival Rate Estimation with Capture-Recapture Data
   gfortran(dble) Vers. 9.0 Mar 2018     9-Nov-2023 13:23:01    Page  010
 - - - - - - - - - - - - - - - - - - - - - - - - - - - - - - - - - - - - - -
 
    69:S gCAdultMale a5 t6    0.8455924       0.0330454       0.7693026       0.8999353                          
    70:S gCAdultMale a6 t7    0.8422401       0.0354596       0.7598620       0.9000750                          
    71:S gCAdultMale a7 t8    0.8491418       0.0365220       0.7629785       0.9077689                          
    72:S gCAdultMale a8 t9    0.8489924       0.0387462       0.7566433       0.9104447                          
    73:S gAJuvenileMale a1    0.9378850       0.0184366       0.8903534       0.9656077                          
    74:S gAJuvenileMale a2    0.8602946       0.0313687       0.7868740       0.9112743                          
    75:S gAJuvenileMale a3    0.9288023       0.0215225       0.8733076       0.9610724                          
    76:S gAJuvenileMale a4    0.9341096       0.0209462       0.8791682       0.9650623                          
    77:S gAJuvenileMale a5    0.8389368       0.0369065       0.7530589       0.8989564                          
    78:S gAJuvenileMale a6    0.8354681       0.0391991       0.7438286       0.8987863                          
    79:S gAJuvenileMale a7    0.8426106       0.0401880       0.7472184       0.9065087                          
    80:S gAJuvenileMale a8    0.8424560       0.0417316       0.7427565       0.9082863                          
    81:S gBJuvenileMale a1    0.9401194       0.0165494       0.8982070       0.9654387                          
    82:S gBJuvenileMale a2    0.8649181       0.0270465       0.8026635       0.9097414                          
    83:S gBJuvenileMale a3    0.9313395       0.0192799       0.8825194       0.9607737                          
    84:S gBJuvenileMale a4    0.9364706       0.0190171       0.8873646       0.9650119                          
    85:S gBJuvenileMale a5    0.8441390       0.0321237       0.7704402       0.8973302                          
    86:S gBJuvenileMale a6    0.8407610       0.0341859       0.7619550       0.8970045                          
    87:S gBJuvenileMale a7    0.8477157       0.0355758       0.7643462       0.9052471                          
    88:S gBJuvenileMale a8    0.8475652       0.0377254       0.7582885       0.9078735                          
    89:S gCJuvenileMale a1    0.9294627       0.0192520       0.8811031       0.9590665                          
    90:S gCJuvenileMale a2    0.8431115       0.0309437       0.7725999       0.8947379                          
    91:S gCJuvenileMale a3    0.9192544       0.0225136       0.8626843       0.9537683                          
    92:S gCJuvenileMale a4    0.9252162       0.0221123       0.8686465       0.9585847                          
    93:S gCJuvenileMale a5    0.8196773       0.0362731       0.7375281       0.8802886                          
    94:S gCJuvenileMale a6    0.8158849       0.0389659       0.7271661       0.8804956                          
    95:S gCJuvenileMale a7    0.8236982       0.0406229       0.7297446       0.8899163                          
    96:S gCJuvenileMale a8    0.8235289       0.0430061       0.7232087       0.8928749                          


                     Estimates of Derived Parameters

    Survival Estimates of { S(~time + Sex + AgeClass + Study.Area) }

       Pr. Surviving
        Duration of                   95% Confidence Interval
 Group     Study      Standard Error     Lower          Upper     
 ----- -------------- -------------- -------------- --------------

  Program  MARK  - Survival Rate Estimation with Capture-Recapture Data
   gfortran(dble) Vers. 9.0 Mar 2018     9-Nov-2023 13:23:01    Page  011
 - - - - - - - - - - - - - - - - - - - - - - - - - - - - - - - - - - - - - -
 
   1    0.4414130      0.0696981      0.3122825      0.5789856    
   2    0.4546725      0.0631479      0.3360402      0.5786838    
   3    0.3947550      0.0629351      0.2801629      0.5222149    
   4    0.3775395      0.0698217      0.2530636      0.5205706    
   5    0.3909439      0.0616948      0.2786449      0.5161196    
   6    0.3310308      0.0597884      0.2257091      0.4565220    
   7    0.4122009      0.0721010      0.2812781      0.5568487    
   8    0.4255743      0.0605188      0.3132111      0.5461897    
   9    0.3654339      0.0618291      0.2545580      0.4926846    
  10    0.3482982      0.0699359      0.2261086      0.4943401    
  11    0.3616347      0.0564445      0.2597054      0.4777517    
  12    0.3023532      0.0562202      0.2044823      0.4222064    

   CPU Time for the last procedure was 0.03 seconds.     


  INPUT --- proc stop;

     CPU Time in minutes for this job was 0.00

     Time Start = 13:23:01.870   Time End = 13:23:01.971

     Wall Clock Time in minutes for this job was 0.00


          E X E C U T I O N   S U C C E S S F U L 
