
   Program  MARK  - Survival Rate Estimation with Capture-Recapture Data
   gfortran(dble) Vers. 9.0 Mar 2018     9-Nov-2023 13:23:13    Page  001
 - - - - - - - - - - - - - - - - - - - - - - - - - - - - - - - - - - - - - -
 
   This version was compiled by GCC version 7.2.0 using the options: 
     -cpp -iprefix C:/Program Files/mingw-w64/x86_64-7.2.0-posix-seh-rt_v5-rev1/
     mingw64/bin/../lib/gcc/x86_64-w64-mingw32/7.2.0/ -D_MT -D_REENTRANT
     -U_REENTRANT -D IEEE -D DBLEPRECISION -m64 -mtune=core2 -march=nocona -mthreads
     -O2 -fimplicit-none -fbounds-check -funroll-loops -ftree-vectorize
     -ffpe-summary=invalid,zero,overflow,underflow -fno-unsafe-math-optimizations
     -frounding-math -fsignaling-nans -fopenmp.

   This problem will use 11 of 12 possible threads.


  INPUT --- proc title ;

   CPU Time for the last procedure was 0.01 seconds.     


  INPUT --- proc chmatrix occasions= 8 groups= 12 etype= Known Nodes= 
  INPUT --- 101 ICMeans NoHist hist= 90  ;

  INPUT ---    time interval 1 1 1 1 1 1 1 1 ;

  INPUT ---    glabel(1)=Study.AreaA.AgeClassAdult.SexFemale;

  INPUT ---    glabel(2)=Study.AreaB.AgeClassAdult.SexFemale;

  INPUT ---    glabel(3)=Study.AreaC.AgeClassAdult.SexFemale;

  INPUT ---    glabel(4)=Study.AreaA.AgeClassJuvenile.SexFemale;

  INPUT ---    glabel(5)=Study.AreaB.AgeClassJuvenile.SexFemale;

  INPUT ---    glabel(6)=Study.AreaC.AgeClassJuvenile.SexFemale;

  INPUT ---    glabel(7)=Study.AreaA.AgeClassAdult.SexMale;

  INPUT ---    glabel(8)=Study.AreaB.AgeClassAdult.SexMale;

  INPUT ---    glabel(9)=Study.AreaC.AgeClassAdult.SexMale;

  INPUT ---    glabel(10)=Study.AreaA.AgeClassJuvenile.SexMale;

  INPUT ---    glabel(11)=Study.AreaB.AgeClassJuvenile.SexMale;

  INPUT ---    glabel(12)=Study.AreaC.AgeClassJuvenile.SexMale;

   * *  WARNING  * *   At least a pair of the encounter histories are duplicates. 

  Program  MARK  - Survival Rate Estimation with Capture-Recapture Data
   gfortran(dble) Vers. 9.0 Mar 2018     9-Nov-2023 13:23:13    Page  002
 - - - - - - - - - - - - - - - - - - - - - - - - - - - - - - - - - - - - - -
 

      Number of unique encounter histories read was 9.

      Number of individual covariates read was 0.
      Time interval lengths are all equal to 1.

      Data type number is 4
      Data type is Known Fate                                                                                          

   CPU Time for the last procedure was 0.01 seconds.     


  INPUT --- proc estimate link=Logit NOLOOP varest=2ndPart    ;


  INPUT --- model={ S(~time + Study.Area) };

  INPUT ---    group=1 S    rows=1 cols=8 Square ;
  INPUT ---        1 2 3 4 5 6 7 8 ;

  INPUT ---    group=2 S    rows=1 cols=8 Square ;
  INPUT ---        9 10 11 12 13 14 15 16 ;

  INPUT ---    group=3 S    rows=1 cols=8 Square ;
  INPUT ---        17 18 19 20 21 22 23 24 ;

  INPUT ---    group=4 S    rows=1 cols=8 Square ;
  INPUT ---        1 2 3 4 5 6 7 8 ;

  INPUT ---    group=5 S    rows=1 cols=8 Square ;
  INPUT ---        9 10 11 12 13 14 15 16 ;

  INPUT ---    group=6 S    rows=1 cols=8 Square ;
  INPUT ---        17 18 19 20 21 22 23 24 ;

  INPUT ---    group=7 S    rows=1 cols=8 Square ;
  INPUT ---        1 2 3 4 5 6 7 8 ;

  INPUT ---    group=8 S    rows=1 cols=8 Square ;
  INPUT ---        9 10 11 12 13 14 15 16 ;

  INPUT ---    group=9 S    rows=1 cols=8 Square ;
  INPUT ---        17 18 19 20 21 22 23 24 ;

  INPUT ---    group=10 S    rows=1 cols=8 Square ;
  INPUT ---        1 2 3 4 5 6 7 8 ;


  Program  MARK  - Survival Rate Estimation with Capture-Recapture Data
   gfortran(dble) Vers. 9.0 Mar 2018     9-Nov-2023 13:23:13    Page  003
 - - - - - - - - - - - - - - - - - - - - - - - - - - - - - - - - - - - - - -
 
  INPUT ---    group=11 S    rows=1 cols=8 Square ;
  INPUT ---        9 10 11 12 13 14 15 16 ;

  INPUT ---    group=12 S    rows=1 cols=8 Square ;
  INPUT ---        17 18 19 20 21 22 23 24 ;

  INPUT ---    design matrix constraints=24 covariates=10;
  INPUT ---        1 0 0 0 0 0 0 0 0 0;
  INPUT ---        1 1 0 0 0 0 0 0 0 0;
  INPUT ---        1 0 1 0 0 0 0 0 0 0;
  INPUT ---        1 0 0 1 0 0 0 0 0 0;
  INPUT ---        1 0 0 0 1 0 0 0 0 0;
  INPUT ---        1 0 0 0 0 1 0 0 0 0;
  INPUT ---        1 0 0 0 0 0 1 0 0 0;
  INPUT ---        1 0 0 0 0 0 0 1 0 0;
  INPUT ---        1 0 0 0 0 0 0 0 1 0;
  INPUT ---        1 1 0 0 0 0 0 0 1 0;
  INPUT ---        1 0 1 0 0 0 0 0 1 0;
  INPUT ---        1 0 0 1 0 0 0 0 1 0;
  INPUT ---        1 0 0 0 1 0 0 0 1 0;
  INPUT ---        1 0 0 0 0 1 0 0 1 0;
  INPUT ---        1 0 0 0 0 0 1 0 1 0;
  INPUT ---        1 0 0 0 0 0 0 1 1 0;
  INPUT ---        1 0 0 0 0 0 0 0 0 1;
  INPUT ---        1 1 0 0 0 0 0 0 0 1;
  INPUT ---        1 0 1 0 0 0 0 0 0 1;
  INPUT ---        1 0 0 1 0 0 0 0 0 1;
  INPUT ---        1 0 0 0 1 0 0 0 0 1;
  INPUT ---        1 0 0 0 0 1 0 0 0 1;
  INPUT ---        1 0 0 0 0 0 1 0 0 1;
  INPUT ---        1 0 0 0 0 0 0 1 0 1;
  INPUT ---       blabel(1)=S:(Intercept);
  INPUT ---       blabel(2)=S:time3;
  INPUT ---       blabel(3)=S:time4;
  INPUT ---       blabel(4)=S:time5;
  INPUT ---       blabel(5)=S:time6;
  INPUT ---       blabel(6)=S:time7;
  INPUT ---       blabel(7)=S:time8;
  INPUT ---       blabel(8)=S:time9;
  INPUT ---       blabel(9)=S:Study.AreaB;
  INPUT ---       blabel(10)=S:Study.AreaC;
  INPUT ---       rlabel(1)=S gAAdultFemale a1 t2;
  INPUT ---       rlabel(2)=S gAAdultFemale a2 t3;
  INPUT ---       rlabel(3)=S gAAdultFemale a3 t4;
  INPUT ---       rlabel(4)=S gAAdultFemale a4 t5;
  INPUT ---       rlabel(5)=S gAAdultFemale a5 t6;

  Program  MARK  - Survival Rate Estimation with Capture-Recapture Data
   gfortran(dble) Vers. 9.0 Mar 2018     9-Nov-2023 13:23:13    Page  004
 - - - - - - - - - - - - - - - - - - - - - - - - - - - - - - - - - - - - - -
 
  INPUT ---       rlabel(6)=S gAAdultFemale a6 t7;
  INPUT ---       rlabel(7)=S gAAdultFemale a7 t8;
  INPUT ---       rlabel(8)=S gAAdultFemale a8 t9;
  INPUT ---       rlabel(9)=S gBAdultFemale a1 t2;
  INPUT ---       rlabel(10)=S gBAdultFemale a2 t3;
  INPUT ---       rlabel(11)=S gBAdultFemale a3 t4;
  INPUT ---       rlabel(12)=S gBAdultFemale a4 t5;
  INPUT ---       rlabel(13)=S gBAdultFemale a5 t6;
  INPUT ---       rlabel(14)=S gBAdultFemale a6 t7;
  INPUT ---       rlabel(15)=S gBAdultFemale a7 t8;
  INPUT ---       rlabel(16)=S gBAdultFemale a8 t9;
  INPUT ---       rlabel(17)=S gCAdultFemale a1 t2;
  INPUT ---       rlabel(18)=S gCAdultFemale a2 t3;
  INPUT ---       rlabel(19)=S gCAdultFemale a3 t4;
  INPUT ---       rlabel(20)=S gCAdultFemale a4 t5;
  INPUT ---       rlabel(21)=S gCAdultFemale a5 t6;
  INPUT ---       rlabel(22)=S gCAdultFemale a6 t7;
  INPUT ---       rlabel(23)=S gCAdultFemale a7 t8;
  INPUT ---       rlabel(24)=S gCAdultFemale a8 t9;

 Link Function Used is LOGIT        

 Variance Estimation Procedure Used is 2ndPart 
 -2logL(saturated) = 965.15883     
 Effective Sample Size = 1626

 Number of function evaluations was 33 for 10 parameters.
 Time for numerical optimization was 0.01 seconds.     
 -2logL { S(~time + Study.Area) } = 1070.7616     
 Penalty { S(~time + Study.Area) } = 0.0000000     
 Gradient { S(~time + Study.Area) }:
  0.3965485E-05  0.8052922E-05   0.000000     -0.1437588E-04 -0.7408881E-05
   0.000000       0.000000       0.000000       0.000000       0.000000    
 Maximum ABS(G) { S(~time + Study.Area) } = 0.1437588E-04 
 S Vector { S(~time + Study.Area) }:
   218.9234      58.22556      28.00203      23.78015      19.78748    
   16.52664      14.58130      12.69567      10.56990      1.714355    
 Time to compute number of parameters was 0.01 seconds.     
 Ratio Threshold = 50.000000       Max Gap (9/10) = 6.1655255       Next Max Gap (1/2) = 3.7599192     
 Gap Method for Num. of Estimated Parameters { S(~time + Study.Area) } = 10          
 Threshold { S(~time + Study.Area) } = 0.2875177E-04                 
 Numerical Threshold Method for Num. of Estimated Parameters { S(~time + Study.Area) } = 10          
 Number of Estimated Parameters { S(~time + Study.Area) } = 10          
 DEVIANCE { S(~time + Study.Area) } = 105.60276                     
 DEVIANCE Degrees of Freedom { S(~time + Study.Area) } = 86            
 c-hat { S(~time + Study.Area) } = 1.2279391                     
 AIC { S(~time + Study.Area) } = 1090.7616                  
 AICc { S(~time + Study.Area) } = 1090.8978                    
 BIC { S(~time + Study.Area) } = 1144.7004                    
 Pearson Chisquare { S(~time + Study.Area) } = 96.426824                  
 Possible Encounter Histories { S(~time + Study.Area) } = 192             
 Pearson Chisquare df { S(~time + Study.Area) } = 170        
 Pearson chat { S(~time + Study.Area) } = 0.5672166                  
 Sum(Observed/Expected) { S(~time + Study.Area) } = 107.51734                  
 Fletcher chat { S(~time + Study.Area) } = 1.0129118                  


                  LOGIT Link Function Parameters of { S(~time + Study.Area) }
                                                              95% Confidence Interval
 Parameter                    Beta         Standard Error      Lower           Upper
 -------------------------  --------------  --------------  --------------  --------------
    1:S:(Intercept)          2.8478998       0.2963772       2.2670005       3.4287991    
    2:S:time3               -0.8948141       0.3164489      -1.5150538      -0.2745743    

  Program  MARK  - Survival Rate Estimation with Capture-Recapture Data
   gfortran(dble) Vers. 9.0 Mar 2018     9-Nov-2023 13:23:13    Page  005
 - - - - - - - - - - - - - - - - - - - - - - - - - - - - - - - - - - - - - -
 
    3:S:time4               -0.1439911       0.3710898      -0.8713271       0.5833448    
    4:S:time5               -0.0614156       0.3850366      -0.8160874       0.6932562    
    5:S:time6               -1.0595267       0.3248781      -1.6962878      -0.4227656    
    6:S:time7               -1.0844807       0.3343067      -1.7397219      -0.4292395    
    7:S:time8               -1.0282226       0.3494175      -1.7130810      -0.3433642    
    8:S:time9               -1.0326936       0.3625143      -1.7432217      -0.3221655    
    9:S:Study.AreaB          0.0222506       0.2132877      -0.3957932       0.4402945    
   10:S:Study.AreaC         -0.1482506       0.2134702      -0.5666521       0.2701510    


                  Real Function Parameters of { S(~time + Study.Area) }
                                                               95% Confidence Interval
  Parameter                  Estimate       Standard Error      Lower           Upper
 --------------------------  --------------  --------------  --------------  --------------
     1:S gAAdultFemale a1 t   0.9452100       0.0153488       0.9061069       0.9685926                          
     2:S gAAdultFemale a2 t   0.8757827       0.0256051       0.8163428       0.9179194                          
     3:S gAAdultFemale a3 t   0.9372569       0.0179777       0.8913609       0.9645350                          
     4:S gAAdultFemale a4 t   0.9419411       0.0175867       0.8962453       0.9682250                          
     5:S gAAdultFemale a5 t   0.8567277       0.0303977       0.7863363       0.9066808                          
     6:S gAAdultFemale a6 t   0.8536374       0.0325331       0.7778287       0.9066821                          
     7:S gAAdultFemale a7 t   0.8605274       0.0334726       0.7812644       0.9142215                          
     8:S gAAdultFemale a8 t   0.8599899       0.0351780       0.7760119       0.9158951                          
     9:S gBAdultFemale a1 t   0.9463510       0.0141440       0.9108554       0.9682063                          
    10:S gBAdultFemale a2 t   0.8781831       0.0225418       0.8266882       0.9159337                          
    11:S gBAdultFemale a3 t   0.9385527       0.0164989       0.8971024       0.9639761                          
    12:S gBAdultFemale a4 t   0.9431460       0.0163680       0.9011834       0.9679234                          
    13:S gBAdultFemale a5 t   0.8594372       0.0270031       0.7977857       0.9045414                          
    14:S gBAdultFemale a6 t   0.8563956       0.0289368       0.7899287       0.9043779                          
    15:S gBAdultFemale a7 t   0.8631766       0.0302744       0.7924082       0.9124843                          
    16:S gBAdultFemale a8 t   0.8626477       0.0325782       0.7855909       0.9150070                          
    17:S gCAdultFemale a1 t   0.9370059       0.0163153       0.8964034       0.9623633                          
    18:S gCAdultFemale a2 t   0.8587365       0.0255861       0.8008213       0.9018751                          
    19:S gCAdultFemale a3 t   0.9279527       0.0191302       0.8802527       0.9575679                          
    20:S gCAdultFemale a4 t   0.9332821       0.0188918       0.8852960       0.9620538                          
    21:S gCAdultFemale a5 t   0.8375516       0.0302519       0.7692937       0.8885404                          
    22:S gCAdultFemale a6 t   0.8341277       0.0328127       0.7595732       0.8889436                          
    23:S gCAdultFemale a7 t   0.8417659       0.0344179       0.7622333       0.8982465                          
    24:S gCAdultFemale a8 t   0.8411695       0.0369812       0.7548096       0.9010977                          

  Program  MARK  - Survival Rate Estimation with Capture-Recapture Data
   gfortran(dble) Vers. 9.0 Mar 2018     9-Nov-2023 13:23:13    Page  006
 - - - - - - - - - - - - - - - - - - - - - - - - - - - - - - - - - - - - - -
 


                     Estimates of Derived Parameters

            Survival Estimates of { S(~time + Study.Area) }

       Pr. Surviving
        Duration of                   95% Confidence Interval
 Group     Study      Standard Error     Lower          Upper     
 ----- -------------- -------------- -------------- --------------
   1    0.3955317      0.0583967      0.2884658      0.5136493    
   2    0.4031778      0.0456456      0.3177686      0.4948906    
   3    0.3447149      0.0455798      0.2615659      0.4385965    
   4    0.3955317      0.0583967      0.2884658      0.5136493    
   5    0.4031778      0.0456456      0.3177686      0.4948906    
   6    0.3447149      0.0455798      0.2615659      0.4385965    
   7    0.3955317      0.0583967      0.2884658      0.5136493    
   8    0.4031778      0.0456456      0.3177686      0.4948906    
   9    0.3447149      0.0455798      0.2615659      0.4385965    
  10    0.3955317      0.0583967      0.2884658      0.5136493    
  11    0.4031778      0.0456456      0.3177686      0.4948906    
  12    0.3447149      0.0455798      0.2615659      0.4385965    

   CPU Time for the last procedure was 0.01 seconds.     

  Program  MARK  - Survival Rate Estimation with Capture-Recapture Data
   gfortran(dble) Vers. 9.0 Mar 2018     9-Nov-2023 13:23:13    Page  007
 - - - - - - - - - - - - - - - - - - - - - - - - - - - - - - - - - - - - - -
 


  INPUT --- proc stop;

     CPU Time in minutes for this job was 0.00

     Time Start = 13:23:13.122   Time End = 13:23:13.202

     Wall Clock Time in minutes for this job was 0.00


          E X E C U T I O N   S U C C E S S F U L 
