
   Program  MARK  - Survival Rate Estimation with Capture-Recapture Data
   gfortran(dble) Vers. 9.0 Mar 2018    26-Aug-2023 14:35:54    Page  001
 - - - - - - - - - - - - - - - - - - - - - - - - - - - - - - - - - - - - - -
 
   This version was compiled by GCC version 7.2.0 using the options: 
     -cpp -iprefix C:/Program Files/mingw-w64/x86_64-7.2.0-posix-seh-rt_v5-rev1/
     mingw64/bin/../lib/gcc/x86_64-w64-mingw32/7.2.0/ -D_MT -D_REENTRANT
     -U_REENTRANT -D IEEE -D DBLEPRECISION -m64 -mtune=core2 -march=nocona -mthreads
     -O2 -fimplicit-none -fbounds-check -funroll-loops -ftree-vectorize
     -ffpe-summary=invalid,zero,overflow,underflow -fno-unsafe-math-optimizations
     -frounding-math -fsignaling-nans -fopenmp.

   This problem will use 11 of 12 possible threads.


  INPUT --- proc title ;

   CPU Time for the last procedure was 0.01 seconds.     


  INPUT --- proc chmatrix occasions= 8 groups= 12 etype= Known Nodes= 
  INPUT --- 101 icovar = 1 ICMeans  NoHist hist= 279 ;

  INPUT ---    time interval 1 1 1 1 1 1 1 1 ;

  INPUT ---     icovariates CT ;

  INPUT ---    glabel(1)=Study.AreaA.AgeClassAdult.SexFemale;

  INPUT ---    glabel(2)=Study.AreaB.AgeClassAdult.SexFemale;

  INPUT ---    glabel(3)=Study.AreaC.AgeClassAdult.SexFemale;

  INPUT ---    glabel(4)=Study.AreaA.AgeClassJuvenile.SexFemale;

  INPUT ---    glabel(5)=Study.AreaB.AgeClassJuvenile.SexFemale;

  INPUT ---    glabel(6)=Study.AreaC.AgeClassJuvenile.SexFemale;

  INPUT ---    glabel(7)=Study.AreaA.AgeClassAdult.SexMale;

  INPUT ---    glabel(8)=Study.AreaB.AgeClassAdult.SexMale;

  INPUT ---    glabel(9)=Study.AreaC.AgeClassAdult.SexMale;

  INPUT ---    glabel(10)=Study.AreaA.AgeClassJuvenile.SexMale;

  INPUT ---    glabel(11)=Study.AreaB.AgeClassJuvenile.SexMale;

  INPUT ---    glabel(12)=Study.AreaC.AgeClassJuvenile.SexMale;

  Program  MARK  - Survival Rate Estimation with Capture-Recapture Data
   gfortran(dble) Vers. 9.0 Mar 2018    26-Aug-2023 14:35:54    Page  002
 - - - - - - - - - - - - - - - - - - - - - - - - - - - - - - - - - - - - - -
 

      Number of unique encounter histories read was 279.

      Number of individual covariates read was 1.
      Time interval lengths are all equal to 1.

      Data type number is 4
      Data type is Known Fate                                                                                          

   CPU Time for the last procedure was 0.02 seconds.     


  INPUT --- proc estimate link=Logit NOLOOP varest=2ndPart    ;


  INPUT --- model={ S(~time + CT) };

  INPUT ---    group=1 S    rows=1 cols=8 Square ;
  INPUT ---        1 2 3 4 5 6 7 8 ;

  INPUT ---    group=2 S    rows=1 cols=8 Square ;
  INPUT ---        1 2 3 4 5 6 7 8 ;

  INPUT ---    group=3 S    rows=1 cols=8 Square ;
  INPUT ---        1 2 3 4 5 6 7 8 ;

  INPUT ---    group=4 S    rows=1 cols=8 Square ;
  INPUT ---        1 2 3 4 5 6 7 8 ;

  INPUT ---    group=5 S    rows=1 cols=8 Square ;
  INPUT ---        1 2 3 4 5 6 7 8 ;

  INPUT ---    group=6 S    rows=1 cols=8 Square ;
  INPUT ---        1 2 3 4 5 6 7 8 ;

  INPUT ---    group=7 S    rows=1 cols=8 Square ;
  INPUT ---        1 2 3 4 5 6 7 8 ;

  INPUT ---    group=8 S    rows=1 cols=8 Square ;
  INPUT ---        1 2 3 4 5 6 7 8 ;

  INPUT ---    group=9 S    rows=1 cols=8 Square ;
  INPUT ---        1 2 3 4 5 6 7 8 ;

  INPUT ---    group=10 S    rows=1 cols=8 Square ;
  INPUT ---        1 2 3 4 5 6 7 8 ;


  Program  MARK  - Survival Rate Estimation with Capture-Recapture Data
   gfortran(dble) Vers. 9.0 Mar 2018    26-Aug-2023 14:35:54    Page  003
 - - - - - - - - - - - - - - - - - - - - - - - - - - - - - - - - - - - - - -
 
  INPUT ---    group=11 S    rows=1 cols=8 Square ;
  INPUT ---        1 2 3 4 5 6 7 8 ;

  INPUT ---    group=12 S    rows=1 cols=8 Square ;
  INPUT ---        1 2 3 4 5 6 7 8 ;

  INPUT ---    design matrix constraints=8 covariates=9;
  INPUT ---        1 0 0 0 0 0 0 0 CT;
  INPUT ---        1 1 0 0 0 0 0 0 CT;
  INPUT ---        1 0 1 0 0 0 0 0 CT;
  INPUT ---        1 0 0 1 0 0 0 0 CT;
  INPUT ---        1 0 0 0 1 0 0 0 CT;
  INPUT ---        1 0 0 0 0 1 0 0 CT;
  INPUT ---        1 0 0 0 0 0 1 0 CT;
  INPUT ---        1 0 0 0 0 0 0 1 CT;
  INPUT ---       blabel(1)=S:(Intercept);
  INPUT ---       blabel(2)=S:time3;
  INPUT ---       blabel(3)=S:time4;
  INPUT ---       blabel(4)=S:time5;
  INPUT ---       blabel(5)=S:time6;
  INPUT ---       blabel(6)=S:time7;
  INPUT ---       blabel(7)=S:time8;
  INPUT ---       blabel(8)=S:time9;
  INPUT ---       blabel(9)=S:CT;
  INPUT ---       rlabel(1)=S gAAdultFemale a1 t2;
  INPUT ---       rlabel(2)=S gAAdultFemale a2 t3;
  INPUT ---       rlabel(3)=S gAAdultFemale a3 t4;
  INPUT ---       rlabel(4)=S gAAdultFemale a4 t5;
  INPUT ---       rlabel(5)=S gAAdultFemale a5 t6;
  INPUT ---       rlabel(6)=S gAAdultFemale a6 t7;
  INPUT ---       rlabel(7)=S gAAdultFemale a7 t8;
  INPUT ---       rlabel(8)=S gAAdultFemale a8 t9;

 Link Function Used is LOGIT        

 Variance Estimation Procedure Used is 2ndPart 
 -2logL(saturated) = 0.0000000     
 Effective Sample Size = 1626

 Number of function evaluations was 30 for 9 parameters.
 Time for numerical optimization was 0.03 seconds.     
 -2logL { S(~time + CT) } = 1056.5886     
 Penalty { S(~time + CT) } = 0.0000000     
 Gradient { S(~time + CT) }:
   0.000000     -0.1603807E-04 -0.1318439E-04   0.000000       0.000000    
   0.000000     -0.7254374E-05 -0.7194556E-05   0.000000    
 Maximum ABS(G) { S(~time + CT) } = 0.1603807E-04 

  Program  MARK  - Survival Rate Estimation with Capture-Recapture Data
   gfortran(dble) Vers. 9.0 Mar 2018    26-Aug-2023 14:35:54    Page  004
 - - - - - - - - - - - - - - - - - - - - - - - - - - - - - - - - - - - - - -
 
 S Vector { S(~time + CT) }:
   169.6945      27.73565      23.52216      19.55842      16.35067    
   14.99396      12.90814      12.48269      1.705962    
 Time to compute number of parameters was 0.02 seconds.     
 Ratio Threshold = 50.000000       Max Gap (8/9) = 7.3170961       Next Max Gap (1/2) = 6.1182814     
 Gap Method for Num. of Estimated Parameters { S(~time + CT) } = 9          
 Threshold { S(~time + CT) } = 0.3207613E-04                 
 Numerical Threshold Method for Num. of Estimated Parameters { S(~time + CT) } = 9          
 Number of Estimated Parameters { S(~time + CT) } = 9          
 DEVIANCE { S(~time + CT) } = 1056.5886                     
 DEVIANCE Degrees of Freedom { S(~time + CT) } = 270            
 c-hat { S(~time + CT) } = 3.9132911                     
 AIC { S(~time + CT) } = 1074.5886                  
 AICc { S(~time + CT) } = 1074.7000                    
 BIC { S(~time + CT) } = 1123.1335                    
 Pearson Chisquare { S(~time + CT) } = 2648.0525                  


                      LOGIT Link Function Parameters of { S(~time + CT) }
                                                              95% Confidence Interval
 Parameter                    Beta         Standard Error      Lower           Upper
 -------------------------  --------------  --------------  --------------  --------------
    1:S:(Intercept)          2.8081568       0.2586396       2.3012232       3.3150904    
    2:S:time3               -0.9028214       0.3176416      -1.5253991      -0.2802438    
    3:S:time4               -0.1573377       0.3721986      -0.8868469       0.5721716    
    4:S:time5               -0.0944676       0.3861877      -0.8513955       0.6624602    
    5:S:time6               -1.1073780       0.3265092      -1.7473360      -0.4674200    
    6:S:time7               -1.1454917       0.3361823      -1.8044089      -0.4865745    
    7:S:time8               -1.1033916       0.3515997      -1.7925269      -0.4142562    
    8:S:time9               -1.1208800       0.3650185      -1.8363161      -0.4054438    
    9:S:CT                  -0.3222780       0.0840616      -0.4870387      -0.1575174    


                      Real Function Parameters of { S(~time + CT) }

      Following estimates based on unstandardized individual covariate values:
          Variable   Value         
          ---------  ------------- 
          CT         -0.1192476    
                                                               95% Confidence Interval
  Parameter                  Estimate       Standard Error      Lower           Upper
 --------------------------  --------------  --------------  --------------  --------------
     1:S gAAdultFemale a1 t   0.9451420       0.0134488       0.9119910       0.9662677                          
     2:S gAAdultFemale a2 t   0.8747653       0.0203655       0.8291200       0.9095481                          
     3:S gAAdultFemale a3 t   0.9363893       0.0160086       0.8968289       0.9614328                          
     4:S gAAdultFemale a4 t   0.9400330       0.0161985       0.8992485       0.9649513                          
     5:S gAAdultFemale a5 t   0.8505867       0.0253365       0.7938784       0.8937807                          
     6:S gAAdultFemale a6 t   0.8456778       0.0279692       0.7826274       0.8929417                          
     7:S gAAdultFemale a7 t   0.8510926       0.0300878       0.7820878       0.9010118                          
     8:S gAAdultFemale a8 t   0.8488626       0.0329085       0.7725830       0.9027764                          

  Program  MARK  - Survival Rate Estimation with Capture-Recapture Data
   gfortran(dble) Vers. 9.0 Mar 2018    26-Aug-2023 14:35:54    Page  005
 - - - - - - - - - - - - - - - - - - - - - - - - - - - - - - - - - - - - - -
 


                     Estimates of Derived Parameters

                Survival Estimates of { S(~time + CT) }

       Pr. Surviving
        Duration of                   95% Confidence Interval
 Group     Study      Standard Error     Lower          Upper     
 ----- -------------- -------------- -------------- --------------
   1    0.3782038      0.0295621      0.3222248      0.4376285    
   2    0.3782038      0.0295621      0.3222248      0.4376285    
   3    0.3782038      0.0295621      0.3222248      0.4376285    
   4    0.3782038      0.0295621      0.3222248      0.4376285    
   5    0.3782038      0.0295621      0.3222248      0.4376285    
   6    0.3782038      0.0295621      0.3222248      0.4376285    
   7    0.3782038      0.0295621      0.3222248      0.4376285    
   8    0.3782038      0.0295621      0.3222248      0.4376285    
   9    0.3782038      0.0295621      0.3222248      0.4376285    
  10    0.3782038      0.0295621      0.3222248      0.4376285    
  11    0.3782038      0.0295621      0.3222248      0.4376285    
  12    0.3782038      0.0295621      0.3222248      0.4376285    

   CPU Time for the last procedure was 0.05 seconds.     

  Program  MARK  - Survival Rate Estimation with Capture-Recapture Data
   gfortran(dble) Vers. 9.0 Mar 2018    26-Aug-2023 14:35:54    Page  006
 - - - - - - - - - - - - - - - - - - - - - - - - - - - - - - - - - - - - - -
 


  INPUT --- proc stop;

     CPU Time in minutes for this job was 0.00

     Time Start = 14:35:54.317   Time End = 14:35:54.407

     Wall Clock Time in minutes for this job was 0.00


          E X E C U T I O N   S U C C E S S F U L 
