
   Program  MARK  - Survival Rate Estimation with Capture-Recapture Data
   gfortran(dble) Vers. 9.0 Mar 2018    26-Aug-2023 14:35:53    Page  001
 - - - - - - - - - - - - - - - - - - - - - - - - - - - - - - - - - - - - - -
 
   This version was compiled by GCC version 7.2.0 using the options: 
     -cpp -iprefix C:/Program Files/mingw-w64/x86_64-7.2.0-posix-seh-rt_v5-rev1/
     mingw64/bin/../lib/gcc/x86_64-w64-mingw32/7.2.0/ -D_MT -D_REENTRANT
     -U_REENTRANT -D IEEE -D DBLEPRECISION -m64 -mtune=core2 -march=nocona -mthreads
     -O2 -fimplicit-none -fbounds-check -funroll-loops -ftree-vectorize
     -ffpe-summary=invalid,zero,overflow,underflow -fno-unsafe-math-optimizations
     -frounding-math -fsignaling-nans -fopenmp.

   This problem will use 11 of 12 possible threads.


  INPUT --- proc title ;

   CPU Time for the last procedure was 0.01 seconds.     


  INPUT --- proc chmatrix occasions= 8 groups= 12 etype= Known Nodes= 
  INPUT --- 101 icovar = 1 ICMeans  NoHist hist= 279 ;

  INPUT ---    time interval 1 1 1 1 1 1 1 1 ;

  INPUT ---     icovariates DS ;

  INPUT ---    glabel(1)=Study.AreaA.AgeClassAdult.SexFemale;

  INPUT ---    glabel(2)=Study.AreaB.AgeClassAdult.SexFemale;

  INPUT ---    glabel(3)=Study.AreaC.AgeClassAdult.SexFemale;

  INPUT ---    glabel(4)=Study.AreaA.AgeClassJuvenile.SexFemale;

  INPUT ---    glabel(5)=Study.AreaB.AgeClassJuvenile.SexFemale;

  INPUT ---    glabel(6)=Study.AreaC.AgeClassJuvenile.SexFemale;

  INPUT ---    glabel(7)=Study.AreaA.AgeClassAdult.SexMale;

  INPUT ---    glabel(8)=Study.AreaB.AgeClassAdult.SexMale;

  INPUT ---    glabel(9)=Study.AreaC.AgeClassAdult.SexMale;

  INPUT ---    glabel(10)=Study.AreaA.AgeClassJuvenile.SexMale;

  INPUT ---    glabel(11)=Study.AreaB.AgeClassJuvenile.SexMale;

  INPUT ---    glabel(12)=Study.AreaC.AgeClassJuvenile.SexMale;

  Program  MARK  - Survival Rate Estimation with Capture-Recapture Data
   gfortran(dble) Vers. 9.0 Mar 2018    26-Aug-2023 14:35:53    Page  002
 - - - - - - - - - - - - - - - - - - - - - - - - - - - - - - - - - - - - - -
 

      Number of unique encounter histories read was 279.

      Number of individual covariates read was 1.
      Time interval lengths are all equal to 1.

      Data type number is 4
      Data type is Known Fate                                                                                          

   CPU Time for the last procedure was 0.01 seconds.     


  INPUT --- proc estimate link=Logit NOLOOP varest=2ndPart    ;


  INPUT --- model={ S(~time + DS) };

  INPUT ---    group=1 S    rows=1 cols=8 Square ;
  INPUT ---        1 2 3 4 5 6 7 8 ;

  INPUT ---    group=2 S    rows=1 cols=8 Square ;
  INPUT ---        1 2 3 4 5 6 7 8 ;

  INPUT ---    group=3 S    rows=1 cols=8 Square ;
  INPUT ---        1 2 3 4 5 6 7 8 ;

  INPUT ---    group=4 S    rows=1 cols=8 Square ;
  INPUT ---        1 2 3 4 5 6 7 8 ;

  INPUT ---    group=5 S    rows=1 cols=8 Square ;
  INPUT ---        1 2 3 4 5 6 7 8 ;

  INPUT ---    group=6 S    rows=1 cols=8 Square ;
  INPUT ---        1 2 3 4 5 6 7 8 ;

  INPUT ---    group=7 S    rows=1 cols=8 Square ;
  INPUT ---        1 2 3 4 5 6 7 8 ;

  INPUT ---    group=8 S    rows=1 cols=8 Square ;
  INPUT ---        1 2 3 4 5 6 7 8 ;

  INPUT ---    group=9 S    rows=1 cols=8 Square ;
  INPUT ---        1 2 3 4 5 6 7 8 ;

  INPUT ---    group=10 S    rows=1 cols=8 Square ;
  INPUT ---        1 2 3 4 5 6 7 8 ;


  Program  MARK  - Survival Rate Estimation with Capture-Recapture Data
   gfortran(dble) Vers. 9.0 Mar 2018    26-Aug-2023 14:35:53    Page  003
 - - - - - - - - - - - - - - - - - - - - - - - - - - - - - - - - - - - - - -
 
  INPUT ---    group=11 S    rows=1 cols=8 Square ;
  INPUT ---        1 2 3 4 5 6 7 8 ;

  INPUT ---    group=12 S    rows=1 cols=8 Square ;
  INPUT ---        1 2 3 4 5 6 7 8 ;

  INPUT ---    design matrix constraints=8 covariates=9;
  INPUT ---        1 0 0 0 0 0 0 0 DS;
  INPUT ---        1 1 0 0 0 0 0 0 DS;
  INPUT ---        1 0 1 0 0 0 0 0 DS;
  INPUT ---        1 0 0 1 0 0 0 0 DS;
  INPUT ---        1 0 0 0 1 0 0 0 DS;
  INPUT ---        1 0 0 0 0 1 0 0 DS;
  INPUT ---        1 0 0 0 0 0 1 0 DS;
  INPUT ---        1 0 0 0 0 0 0 1 DS;
  INPUT ---       blabel(1)=S:(Intercept);
  INPUT ---       blabel(2)=S:time3;
  INPUT ---       blabel(3)=S:time4;
  INPUT ---       blabel(4)=S:time5;
  INPUT ---       blabel(5)=S:time6;
  INPUT ---       blabel(6)=S:time7;
  INPUT ---       blabel(7)=S:time8;
  INPUT ---       blabel(8)=S:time9;
  INPUT ---       blabel(9)=S:DS;
  INPUT ---       rlabel(1)=S gAAdultFemale a1 t2;
  INPUT ---       rlabel(2)=S gAAdultFemale a2 t3;
  INPUT ---       rlabel(3)=S gAAdultFemale a3 t4;
  INPUT ---       rlabel(4)=S gAAdultFemale a4 t5;
  INPUT ---       rlabel(5)=S gAAdultFemale a5 t6;
  INPUT ---       rlabel(6)=S gAAdultFemale a6 t7;
  INPUT ---       rlabel(7)=S gAAdultFemale a7 t8;
  INPUT ---       rlabel(8)=S gAAdultFemale a8 t9;

 Link Function Used is LOGIT        

 Variance Estimation Procedure Used is 2ndPart 
 -2logL(saturated) = 0.0000000     
 Effective Sample Size = 1626

 Number of function evaluations was 41 for 9 parameters.
 Time for numerical optimization was 0.05 seconds.     
 -2logL { S(~time + DS) } = 1068.1015     
 Penalty { S(~time + DS) } = 0.0000000     
 Gradient { S(~time + DS) }:
  0.1201194E-04   0.000000       0.000000       0.000000       0.000000    
  0.7267465E-05  0.7461564E-05   0.000000      0.1103980E-04
 Maximum ABS(G) { S(~time + DS) } = 0.1201194E-04 

  Program  MARK  - Survival Rate Estimation with Capture-Recapture Data
   gfortran(dble) Vers. 9.0 Mar 2018    26-Aug-2023 14:35:53    Page  004
 - - - - - - - - - - - - - - - - - - - - - - - - - - - - - - - - - - - - - -
 
 S Vector { S(~time + DS) }:
   171.2388      27.98300      25.04796      23.38830      19.71681    
   16.47775      14.47582      12.65984      1.719397    
 Time to compute number of parameters was 0.01 seconds.     
 Ratio Threshold = 50.000000       Max Gap (8/9) = 7.3629496       Next Max Gap (1/2) = 6.1193851     
 Gap Method for Num. of Estimated Parameters { S(~time + DS) } = 9          
 Threshold { S(~time + DS) } = 0.2402389E-04                 
 Numerical Threshold Method for Num. of Estimated Parameters { S(~time + DS) } = 9          
 Number of Estimated Parameters { S(~time + DS) } = 9          
 DEVIANCE { S(~time + DS) } = 1068.1015                     
 DEVIANCE Degrees of Freedom { S(~time + DS) } = 270            
 c-hat { S(~time + DS) } = 3.9559315                     
 AIC { S(~time + DS) } = 1086.1015                  
 AICc { S(~time + DS) } = 1086.2129                    
 BIC { S(~time + DS) } = 1134.6464                    
 Pearson Chisquare { S(~time + DS) } = 2622.6840                  


                      LOGIT Link Function Parameters of { S(~time + DS) }
                                                              95% Confidence Interval
 Parameter                    Beta         Standard Error      Lower           Upper
 -------------------------  --------------  --------------  --------------  --------------
    1:S:(Intercept)          2.8109040       0.2578885       2.3054426       3.3163654    
    2:S:time3               -0.8939396       0.3166213      -1.5145173      -0.2733619    
    3:S:time4               -0.1416743       0.3712522      -0.8693286       0.5859800    
    4:S:time5               -0.0623523       0.3852235      -0.8173903       0.6926857    
    5:S:time6               -1.0648285       0.3251114      -1.7020469      -0.4276101    
    6:S:time7               -1.0996027       0.3346580      -1.7555324      -0.4436731    
    7:S:time8               -1.0449854       0.3498223      -1.7306370      -0.3593337    
    8:S:time9               -1.0476365       0.3629252      -1.7589700      -0.3363030    
    9:S:DS                   0.1526696       0.0804622      -0.0050363       0.3103755    


                      Real Function Parameters of { S(~time + DS) }

      Following estimates based on unstandardized individual covariate values:
          Variable   Value         
          ---------  ------------- 
          DS         -0.0101607    
                                                               95% Confidence Interval
  Parameter                  Estimate       Standard Error      Lower           Upper
 --------------------------  --------------  --------------  --------------  --------------
     1:S gAAdultFemale a1 t   0.9431791       0.0138190       0.9092043       0.9649313                          
     2:S gAAdultFemale a2 t   0.8716261       0.0206130       0.8255404       0.9069104                          
     3:S gAAdultFemale a3 t   0.9350923       0.0162361       0.8950476       0.9605316                          
     4:S gAAdultFemale a4 t   0.9397437       0.0162269       0.8989246       0.9647250                          
     5:S gAAdultFemale a5 t   0.8512608       0.0251142       0.7950695       0.8940969                          
     6:S gAAdultFemale a6 t   0.8468039       0.0276720       0.7844285       0.8935795                          
     7:S gAAdultFemale a7 t   0.8537558       0.0295089       0.7860263       0.9027005                          
     8:S gAAdultFemale a8 t   0.8534245       0.0319414       0.7792396       0.9056970                          

  Program  MARK  - Survival Rate Estimation with Capture-Recapture Data
   gfortran(dble) Vers. 9.0 Mar 2018    26-Aug-2023 14:35:53    Page  005
 - - - - - - - - - - - - - - - - - - - - - - - - - - - - - - - - - - - - - -
 


                     Estimates of Derived Parameters

                Survival Estimates of { S(~time + DS) }

       Pr. Surviving
        Duration of                   95% Confidence Interval
 Group     Study      Standard Error     Lower          Upper     
 ----- -------------- -------------- -------------- --------------
   1    0.3794308      0.0291849      0.3241203      0.4380624    
   2    0.3794308      0.0291849      0.3241203      0.4380624    
   3    0.3794308      0.0291849      0.3241203      0.4380624    
   4    0.3794308      0.0291849      0.3241203      0.4380624    
   5    0.3794308      0.0291849      0.3241203      0.4380624    
   6    0.3794308      0.0291849      0.3241203      0.4380624    
   7    0.3794308      0.0291849      0.3241203      0.4380624    
   8    0.3794308      0.0291849      0.3241203      0.4380624    
   9    0.3794308      0.0291849      0.3241203      0.4380624    
  10    0.3794308      0.0291849      0.3241203      0.4380624    
  11    0.3794308      0.0291849      0.3241203      0.4380624    
  12    0.3794308      0.0291849      0.3241203      0.4380624    

   CPU Time for the last procedure was 0.06 seconds.     

  Program  MARK  - Survival Rate Estimation with Capture-Recapture Data
   gfortran(dble) Vers. 9.0 Mar 2018    26-Aug-2023 14:35:53    Page  006
 - - - - - - - - - - - - - - - - - - - - - - - - - - - - - - - - - - - - - -
 


  INPUT --- proc stop;

     CPU Time in minutes for this job was 0.00

     Time Start = 14:35:53.019   Time End = 14:35:53.129

     Wall Clock Time in minutes for this job was 0.00


          E X E C U T I O N   S U C C E S S F U L 
