
   Program  MARK  - Survival Rate Estimation with Capture-Recapture Data
   gfortran(dble) Vers. 9.0 Mar 2018    13-Nov-2023 16:53:49    Page  001
 - - - - - - - - - - - - - - - - - - - - - - - - - - - - - - - - - - - - - -
 
   This version was compiled by GCC version 7.2.0 using the options: 
     -cpp -iprefix C:/Program Files/mingw-w64/x86_64-7.2.0-posix-seh-rt_v5-rev1/
     mingw64/bin/../lib/gcc/x86_64-w64-mingw32/7.2.0/ -D_MT -D_REENTRANT
     -U_REENTRANT -D IEEE -D DBLEPRECISION -m64 -mtune=core2 -march=nocona -mthreads
     -O2 -fimplicit-none -fbounds-check -funroll-loops -ftree-vectorize
     -ffpe-summary=invalid,zero,overflow,underflow -fno-unsafe-math-optimizations
     -frounding-math -fsignaling-nans -fopenmp.

   This problem will use 11 of 12 possible threads.


  INPUT --- proc title ;

   CPU Time for the last procedure was 0.01 seconds.     


  INPUT --- proc chmatrix occasions= 8 groups= 12 etype= Known Nodes= 
  INPUT --- 101 ICMeans NoHist hist= 90  ;

  INPUT ---    time interval 1 1 1 1 1 1 1 1 ;

  INPUT ---    glabel(1)=Study.AreaA.AgeClassAdult.SexFemale;

  INPUT ---    glabel(2)=Study.AreaB.AgeClassAdult.SexFemale;

  INPUT ---    glabel(3)=Study.AreaC.AgeClassAdult.SexFemale;

  INPUT ---    glabel(4)=Study.AreaA.AgeClassJuvenile.SexFemale;

  INPUT ---    glabel(5)=Study.AreaB.AgeClassJuvenile.SexFemale;

  INPUT ---    glabel(6)=Study.AreaC.AgeClassJuvenile.SexFemale;

  INPUT ---    glabel(7)=Study.AreaA.AgeClassAdult.SexMale;

  INPUT ---    glabel(8)=Study.AreaB.AgeClassAdult.SexMale;

  INPUT ---    glabel(9)=Study.AreaC.AgeClassAdult.SexMale;

  INPUT ---    glabel(10)=Study.AreaA.AgeClassJuvenile.SexMale;

  INPUT ---    glabel(11)=Study.AreaB.AgeClassJuvenile.SexMale;

  INPUT ---    glabel(12)=Study.AreaC.AgeClassJuvenile.SexMale;

   * *  WARNING  * *   At least a pair of the encounter histories are duplicates. 

  Program  MARK  - Survival Rate Estimation with Capture-Recapture Data
   gfortran(dble) Vers. 9.0 Mar 2018    13-Nov-2023 16:53:49    Page  002
 - - - - - - - - - - - - - - - - - - - - - - - - - - - - - - - - - - - - - -
 

      Number of unique encounter histories read was 9.

      Number of individual covariates read was 0.
      Time interval lengths are all equal to 1.

      Data type number is 4
      Data type is Known Fate                                                                                          

   CPU Time for the last procedure was 0.01 seconds.     


  INPUT --- proc estimate link=Logit NOLOOP varest=2ndPart    ;


  INPUT --- model={ S(~time) };

  INPUT ---    group=1 S    rows=1 cols=8 Square ;
  INPUT ---        1 2 3 4 5 6 7 8 ;

  INPUT ---    group=2 S    rows=1 cols=8 Square ;
  INPUT ---        1 2 3 4 5 6 7 8 ;

  INPUT ---    group=3 S    rows=1 cols=8 Square ;
  INPUT ---        1 2 3 4 5 6 7 8 ;

  INPUT ---    group=4 S    rows=1 cols=8 Square ;
  INPUT ---        1 2 3 4 5 6 7 8 ;

  INPUT ---    group=5 S    rows=1 cols=8 Square ;
  INPUT ---        1 2 3 4 5 6 7 8 ;

  INPUT ---    group=6 S    rows=1 cols=8 Square ;
  INPUT ---        1 2 3 4 5 6 7 8 ;

  INPUT ---    group=7 S    rows=1 cols=8 Square ;
  INPUT ---        1 2 3 4 5 6 7 8 ;

  INPUT ---    group=8 S    rows=1 cols=8 Square ;
  INPUT ---        1 2 3 4 5 6 7 8 ;

  INPUT ---    group=9 S    rows=1 cols=8 Square ;
  INPUT ---        1 2 3 4 5 6 7 8 ;

  INPUT ---    group=10 S    rows=1 cols=8 Square ;
  INPUT ---        1 2 3 4 5 6 7 8 ;


  Program  MARK  - Survival Rate Estimation with Capture-Recapture Data
   gfortran(dble) Vers. 9.0 Mar 2018    13-Nov-2023 16:53:49    Page  003
 - - - - - - - - - - - - - - - - - - - - - - - - - - - - - - - - - - - - - -
 
  INPUT ---    group=11 S    rows=1 cols=8 Square ;
  INPUT ---        1 2 3 4 5 6 7 8 ;

  INPUT ---    group=12 S    rows=1 cols=8 Square ;
  INPUT ---        1 2 3 4 5 6 7 8 ;

  INPUT ---    design matrix constraints=8 covariates=8;
  INPUT ---        1 0 0 0 0 0 0 0;
  INPUT ---        1 1 0 0 0 0 0 0;
  INPUT ---        1 0 1 0 0 0 0 0;
  INPUT ---        1 0 0 1 0 0 0 0;
  INPUT ---        1 0 0 0 1 0 0 0;
  INPUT ---        1 0 0 0 0 1 0 0;
  INPUT ---        1 0 0 0 0 0 1 0;
  INPUT ---        1 0 0 0 0 0 0 1;
  INPUT ---       blabel(1)=S:(Intercept);
  INPUT ---       blabel(2)=S:time3;
  INPUT ---       blabel(3)=S:time4;
  INPUT ---       blabel(4)=S:time5;
  INPUT ---       blabel(5)=S:time6;
  INPUT ---       blabel(6)=S:time7;
  INPUT ---       blabel(7)=S:time8;
  INPUT ---       blabel(8)=S:time9;
  INPUT ---       rlabel(1)=S gAAdultFemale a1 t2;
  INPUT ---       rlabel(2)=S gAAdultFemale a2 t3;
  INPUT ---       rlabel(3)=S gAAdultFemale a3 t4;
  INPUT ---       rlabel(4)=S gAAdultFemale a4 t5;
  INPUT ---       rlabel(5)=S gAAdultFemale a5 t6;
  INPUT ---       rlabel(6)=S gAAdultFemale a6 t7;
  INPUT ---       rlabel(7)=S gAAdultFemale a7 t8;
  INPUT ---       rlabel(8)=S gAAdultFemale a8 t9;

 Link Function Used is LOGIT        

 Variance Estimation Procedure Used is 2ndPart 
 -2logL(saturated) = 965.15883     
 Effective Sample Size = 1626

 Number of function evaluations was 30 for 8 parameters.
 Time for numerical optimization was 0.03 seconds.     
 -2logL { S(~time) } = 1071.7054     
 Penalty { S(~time) } = 0.0000000     
 Gradient { S(~time) }:
   0.000000     -0.8064031E-05   0.000000       0.000000       0.000000    
   0.000000     -0.7539651E-05   0.000000    
 Maximum ABS(G) { S(~time) } = 0.8064031E-05 

  Program  MARK  - Survival Rate Estimation with Capture-Recapture Data
   gfortran(dble) Vers. 9.0 Mar 2018    13-Nov-2023 16:53:49    Page  004
 - - - - - - - - - - - - - - - - - - - - - - - - - - - - - - - - - - - - - -
 
 S Vector { S(~time) }:
   171.5190      27.99262      23.78188      19.77892      16.53452    
   14.55920      12.68803      1.722630    
 Time to compute number of parameters was 0.01 seconds.     
 Ratio Threshold = 50.000000       Max Gap (7/8) = 7.3654997       Next Max Gap (1/2) = 6.1272928     
 Gap Method for Num. of Estimated Parameters { S(~time) } = 8          
 Threshold { S(~time) } = 0.1612806E-04                 
 Numerical Threshold Method for Num. of Estimated Parameters { S(~time) } = 8          
 Number of Estimated Parameters { S(~time) } = 8          
 DEVIANCE { S(~time) } = 106.54652                     
 DEVIANCE Degrees of Freedom { S(~time) } = 88            
 c-hat { S(~time) } = 1.2107560                     
 AIC { S(~time) } = 1087.7054                  
 AICc { S(~time) } = 1087.7944                    
 BIC { S(~time) } = 1130.8564                    
 Pearson Chisquare { S(~time) } = 96.711427                  
 Possible Encounter Histories { S(~time) } = 192             
 Pearson Chisquare df { S(~time) } = 172        
 Pearson chat { S(~time) } = 0.5622757                  
 Sum(Observed/Expected) { S(~time) } = 107.26907                  
 Fletcher chat { S(~time) } = 1.0064126                  


                         LOGIT Link Function Parameters of { S(~time) }
                                                              95% Confidence Interval
 Parameter                    Beta         Standard Error      Lower           Upper
 -------------------------  --------------  --------------  --------------  --------------
    1:S:(Intercept)          2.7995650       0.2574926       2.2948795       3.3042504    
    2:S:time3               -0.8922036       0.3163559      -1.5122610      -0.2721461    
    3:S:time4               -0.1416391       0.3710016      -0.8688022       0.5855239    
    4:S:time5               -0.0612094       0.3849684      -0.8157476       0.6933287    
    5:S:time6               -1.0590988       0.3247826      -1.6956727      -0.4225249    
    6:S:time7               -1.0809278       0.3341565      -1.7358744      -0.4259811    
    7:S:time8               -1.0238058       0.3492649      -1.7083651      -0.3392465    
    8:S:time9               -1.0264975       0.3623424      -1.7366886      -0.3163064    


                         Real Function Parameters of { S(~time) }
                                                               95% Confidence Interval
  Parameter                  Estimate       Standard Error      Lower           Upper
 --------------------------  --------------  --------------  --------------  --------------
     1:S gAAdultFemale a1 t   0.9426523       0.0139198       0.9084521       0.9645743                          
     2:S gAAdultFemale a2 t   0.8707224       0.0206882       0.8244994       0.9061570                          
     3:S gAAdultFemale a3 t   0.9344978       0.0163493       0.8942039       0.9601295                          
     4:S gAAdultFemale a4 t   0.9392523       0.0163286       0.8982057       0.9644036                          
     5:S gAAdultFemale a5 t   0.8507463       0.0251342       0.7945378       0.8936362                          
     6:S gAAdultFemale a6 t   0.8479532       0.0274585       0.7860381       0.8943596                          
     7:S gAAdultFemale a7 t   0.8551724       0.0292259       0.7880566       0.9036337                          
     8:S gAAdultFemale a8 t   0.8548387       0.0316342       0.7813249       0.9065933                          

  Program  MARK  - Survival Rate Estimation with Capture-Recapture Data
   gfortran(dble) Vers. 9.0 Mar 2018    13-Nov-2023 16:53:49    Page  005
 - - - - - - - - - - - - - - - - - - - - - - - - - - - - - - - - - - - - - -
 


                     Estimates of Derived Parameters

                   Survival Estimates of { S(~time) }

       Pr. Surviving
        Duration of                   95% Confidence Interval
 Group     Study      Standard Error     Lower          Upper     
 ----- -------------- -------------- -------------- --------------
   1    0.3799283      0.0290582      0.3248413      0.4382927    
   2    0.3799283      0.0290582      0.3248413      0.4382927    
   3    0.3799283      0.0290582      0.3248413      0.4382927    
   4    0.3799283      0.0290582      0.3248413      0.4382927    
   5    0.3799283      0.0290582      0.3248413      0.4382927    
   6    0.3799283      0.0290582      0.3248413      0.4382927    
   7    0.3799283      0.0290582      0.3248413      0.4382927    
   8    0.3799283      0.0290582      0.3248413      0.4382927    
   9    0.3799283      0.0290582      0.3248413      0.4382927    
  10    0.3799283      0.0290582      0.3248413      0.4382927    
  11    0.3799283      0.0290582      0.3248413      0.4382927    
  12    0.3799283      0.0290582      0.3248413      0.4382927    

   CPU Time for the last procedure was 0.03 seconds.     

  Program  MARK  - Survival Rate Estimation with Capture-Recapture Data
   gfortran(dble) Vers. 9.0 Mar 2018    13-Nov-2023 16:53:49    Page  006
 - - - - - - - - - - - - - - - - - - - - - - - - - - - - - - - - - - - - - -
 


  INPUT --- proc stop;

     CPU Time in minutes for this job was 0.00

     Time Start = 16:53:49.463   Time End = 16:53:49.516

     Wall Clock Time in minutes for this job was 0.00


          E X E C U T I O N   S U C C E S S F U L 
